EPS Object: 1 MPI process
  type: krylovschur
    50% of basis vectors kept after restart
    using the locking variant
  problem type: generalized non-symmetric eigenvalue problem
  selected portion of the spectrum: largest eigenvalues in magnitude
  number of eigenvalues (nev): 1
  number of column vectors (ncv): 16
  maximum dimension of projected problem (mpd): 16
  maximum number of iterations: 32120
  tolerance: 1e-08
  convergence test: absolute
BV Object: 1 MPI process
  type: mat
  17 columns of global length 256964
  vector orthogonalization method: classical Gram-Schmidt
  orthogonalization refinement: if needed (eta: 0.7071)
  block orthogonalization method: GS
  doing matmult as a single matrix-matrix product
DS Object: 1 MPI process
  type: nhep
ST Object: 1 MPI process
  type: shift
  shift: 1.
  number of matrices: 2
  nonzero pattern of the matrices: UNKNOWN
  KSP Object: (st_) 1 MPI process
    type: preonly
    maximum iterations=10000, initial guess is zero
    tolerances: relative=1e-06, absolute=1e-50, divergence=10000.
    left preconditioning
    using NONE norm type for convergence test
  PC Object: (st_) 1 MPI process
    type: lu
      out-of-place factorization
      tolerance for zero pivot 2.22045e-14
      matrix ordering: external
      factor fill ratio given 0., needed 0.
        Factored matrix follows:
          Mat Object: (st_) 1 MPI process
            type: mumps
            rows=256964, cols=256964
            package used to perform factorization: mumps
            total: nonzeros=606403048, allocated nonzeros=606403048
              MUMPS run parameters:
                Use -st_ksp_view ::ascii_info_detail to display information for all processes
                RINFOG(1) (global estimated flops for the elimination after analysis): 2.32549e+12
                RINFOG(2) (global estimated flops for the assembly after factorization): 1.33531e+09
                RINFOG(3) (global estimated flops for the elimination after factorization): 2.32549e+12
                (RINFOG(12) RINFOG(13))*2^INFOG(34) (determinant): (0.,0.)*(2^0)
                INFOG(3) (estimated real workspace for factors on all processors after analysis): 606403048
                INFOG(4) (estimated integer workspace for factors on all processors after analysis): 3405376
                INFOG(5) (estimated maximum front size in the complete tree): 9988
                INFOG(6) (number of nodes in the complete tree): 5928
                INFOG(7) (ordering option effectively used after analysis): 5
                INFOG(8) (structural symmetry in percent of the permuted matrix after analysis): -1
                INFOG(9) (total real/complex workspace to store the matrix factors after factorization): 606403048
                INFOG(10) (total integer space store the matrix factors after factorization): 3405376
                INFOG(11) (order of largest frontal matrix after factorization): 9988
                INFOG(12) (number of off-diagonal pivots): 0
                INFOG(13) (number of delayed pivots after factorization): 0
                INFOG(14) (number of memory compress after factorization): 0
                INFOG(15) (number of steps of iterative refinement after solution): 0
                INFOG(16) (estimated size (in MB) of all MUMPS internal data for factorization after analysis: value on the most memory consuming processor): 6447
                INFOG(17) (estimated size of all MUMPS internal data for factorization after analysis: sum over all processors): 6447
                INFOG(18) (size of all MUMPS internal data allocated during factorization: value on the most memory consuming processor): 6447
                INFOG(19) (size of all MUMPS internal data allocated during factorization: sum over all processors): 6447
                INFOG(20) (estimated number of entries in the factors): 606403048
                INFOG(21) (size in MB of memory effectively used during factorization - value on the most memory consuming processor): 5406
                INFOG(22) (size in MB of memory effectively used during factorization - sum over all processors): 5406
                INFOG(23) (after analysis: value of ICNTL(6) effectively used): 0
                INFOG(24) (after analysis: value of ICNTL(12) effectively used): 1
                INFOG(25) (after factorization: number of pivots modified by static pivoting): 0
                INFOG(28) (after factorization: number of null pivots encountered): 0
                INFOG(29) (after factorization: effective number of entries in the factors (sum over all processors)): 606403048
                INFOG(30, 31) (after solution: size in Mbytes of memory used during solution phase): 6288, 6288
                INFOG(32) (after analysis: type of analysis done): 1
                INFOG(33) (value used for ICNTL(8)): 7
                INFOG(34) (exponent of the determinant if determinant is requested): 0
                INFOG(35) (after factorization: number of entries taking into account BLR factor compression - sum over all processors): 606403048
                INFOG(36) (after analysis: estimated size of all MUMPS internal data for running BLR in-core - value on the most memory consuming processor): 0
                INFOG(37) (after analysis: estimated size of all MUMPS internal data for running BLR in-core - sum over all processors): 0
                INFOG(38) (after analysis: estimated size of all MUMPS internal data for running BLR out-of-core - value on the most memory consuming processor): 0
                INFOG(39) (after analysis: estimated size of all MUMPS internal data for running BLR out-of-core - sum over all processors): 0
    linear system matrix = precond matrix:
    Mat Object: K_bc (st_) 1 MPI process
      type: seqaij
      rows=256964, cols=256964, bs=2
      total: nonzeros=14674240, allocated nonzeros=14674240
      total number of mallocs used during MatSetValues calls=0
        using I-node routines: found 128482 nodes, limit used is 5
size = 256964	time = 93.8 s	 memory = 6.4 Gb
[0/1 tom] local memory = 6.4 Gb
****************************************************************************************************************************************************************
***                                WIDEN YOUR WINDOW TO 160 CHARACTERS.  Use 'enscript -r -fCourier9' to print this document                                 ***
****************************************************************************************************************************************************************

------------------------------------------------------------------ PETSc Performance Summary: ------------------------------------------------------------------

feenox on a double-int32-release named tom with 1 processor(s), by gtheler on Thu May 16 16:23:49 2024
Using Petsc Development GIT revision: v3.21.1-120-gbb59972c36a  GIT Date: 2024-05-05 14:28:01 +0000

                         Max       Max/Min     Avg       Total
Time (sec):           9.342e+01     1.000   9.342e+01
Objects:              0.000e+00     0.000   0.000e+00
Flops:                8.284e+10     1.000   8.284e+10  8.284e+10
Flops/sec:            8.867e+08     1.000   8.867e+08  8.867e+08
MPI Msg Count:        0.000e+00     0.000   0.000e+00  0.000e+00
MPI Msg Len (bytes):  0.000e+00     0.000   0.000e+00  0.000e+00
MPI Reductions:       0.000e+00     0.000

Flop counting convention: 1 flop = 1 real number operation of type (multiply/divide/add/subtract)
                            e.g., VecAXPY() for real vectors of length N --> 2N flops
                            and VecAXPY() for complex vectors of length N --> 8N flops

Summary of Stages:   ----- Time ------  ----- Flop ------  --- Messages ---  -- Message Lengths --  -- Reductions --
                        Avg     %Total     Avg     %Total    Count   %Total     Avg         %Total    Count   %Total
 0:      Main Stage: 7.6936e-01   0.8%  0.0000e+00   0.0%  0.000e+00   0.0%  0.000e+00        0.0%  0.000e+00   0.0%
 1:            init: 6.1154e-03   0.0%  0.0000e+00   0.0%  0.000e+00   0.0%  0.000e+00        0.0%  0.000e+00   0.0%
 2:           build: 8.5050e+00   9.1%  0.0000e+00   0.0%  0.000e+00   0.0%  0.000e+00        0.0%  0.000e+00   0.0%
 3:           solve: 8.4098e+01  90.0%  8.2839e+10 100.0%  0.000e+00   0.0%  0.000e+00        0.0%  0.000e+00   0.0%
 4:            post: 4.3204e-02   0.0%  0.0000e+00   0.0%  0.000e+00   0.0%  0.000e+00        0.0%  0.000e+00   0.0%

------------------------------------------------------------------------------------------------------------------------
See the 'Profiling' chapter of the users' manual for details on interpreting output.
Phase summary info:
   Count: number of times phase was executed
   Time and Flop: Max - maximum over all processors
                  Ratio - ratio of maximum to minimum over all processors
   Mess: number of messages sent
   AvgLen: average message length (bytes)
   Reduct: number of global reductions
   Global: entire computation
   Stage: stages of a computation. Set stages with PetscLogStagePush() and PetscLogStagePop().
      %T - percent time in this phase         %F - percent flop in this phase
      %M - percent messages in this phase     %L - percent message lengths in this phase
      %R - percent reductions in this phase
   Total Mflop/s: 10e-6 * (sum of flop over all processors)/(max time over all processors)
------------------------------------------------------------------------------------------------------------------------
Event                Count      Time (sec)     Flop                              --- Global ---  --- Stage ----  Total
                   Max Ratio  Max     Ratio   Max  Ratio  Mess   AvgLen  Reduct  %T %F %M %L %R  %T %F %M %L %R Mflop/s
------------------------------------------------------------------------------------------------------------------------

--- Event Stage 0: Main Stage


--- Event Stage 1: init


--- Event Stage 2: build

MatConvert             2 1.0 6.7696e-02 1.0 0.00e+00 0.0 0.0e+00 0.0e+00 0.0e+00  0  0  0  0  0   1  0  0  0  0     0
MatAssemblyBegin       2 1.0 1.8900e-07 1.0 0.00e+00 0.0 0.0e+00 0.0e+00 0.0e+00  0  0  0  0  0   0  0  0  0  0     0
MatAssemblyEnd         2 1.0 1.7089e+00 1.0 0.00e+00 0.0 0.0e+00 0.0e+00 0.0e+00  2  0  0  0  0  20  0  0  0  0     0
MatSetValues      706414 1.0 7.1830e+00 1.0 0.00e+00 0.0 0.0e+00 0.0e+00 0.0e+00  8  0  0  0  0  84  0  0  0  0     0
MatZeroEntries         2 1.0 8.6700e-07 1.0 0.00e+00 0.0 0.0e+00 0.0e+00 0.0e+00  0  0  0  0  0   0  0  0  0  0     0
VecAssemblyBegin       1 1.0 1.3500e-07 1.0 0.00e+00 0.0 0.0e+00 0.0e+00 0.0e+00  0  0  0  0  0   0  0  0  0  0     0
VecAssemblyEnd         1 1.0 8.9000e-08 1.0 0.00e+00 0.0 0.0e+00 0.0e+00 0.0e+00  0  0  0  0  0   0  0  0  0  0     0

--- Event Stage 3: solve

MatMult               64 1.0 3.4202e+01 1.0 7.94e+10 1.0 0.0e+00 0.0e+00 0.0e+00 37 96  0  0  0  41 96  0  0  0  2323
MatSolve              64 1.0 3.3352e+01 1.0 7.76e+10 1.0 0.0e+00 0.0e+00 0.0e+00 36 94  0  0  0  40 94  0  0  0  2326
MatLUFactorSym         1 1.0 1.7170e+00 1.0 0.00e+00 0.0 0.0e+00 0.0e+00 0.0e+00  2  0  0  0  0   2  0  0  0  0     0
MatLUFactorNum         1 1.0 4.7667e+01 1.0 1.34e+09 1.0 0.0e+00 0.0e+00 0.0e+00 51  2  0  0  0  57  2  0  0  0    28
MatConvert             2 1.0 6.5545e-02 1.0 0.00e+00 0.0 0.0e+00 0.0e+00 0.0e+00  0  0  0  0  0   0  0  0  0  0     0
MatGetValues           6 1.0 4.1640e-06 1.0 0.00e+00 0.0 0.0e+00 0.0e+00 0.0e+00  0  0  0  0  0   0  0  0  0  0     0
MatView                2 1.0 3.8262e-04 1.0 0.00e+00 0.0 0.0e+00 0.0e+00 0.0e+00  0  0  0  0  0   0  0  0  0  0     0
MatAXPY                2 1.0 4.5205e-02 1.0 5.87e+07 1.0 0.0e+00 0.0e+00 0.0e+00  0  0  0  0  0   0  0  0  0  0  1298
VecCopy               66 1.0 1.1009e-02 1.0 0.00e+00 0.0 0.0e+00 0.0e+00 0.0e+00  0  0  0  0  0   0  0  0  0  0     0
VecSetRandom           1 1.0 4.4427e-03 1.0 0.00e+00 0.0 0.0e+00 0.0e+00 0.0e+00  0  0  0  0  0   0  0  0  0  0     0
EPSSetUp               1 1.0 4.9444e+01 1.0 1.37e+09 1.0 0.0e+00 0.0e+00 0.0e+00 53  2  0  0  0  59  2  0  0  0    28
EPSSolve               1 1.0 8.4040e+01 1.0 8.28e+10 1.0 0.0e+00 0.0e+00 0.0e+00 90 100  0  0  0 100 100  0  0  0   985
STSetUp                1 1.0 4.9440e+01 1.0 1.36e+09 1.0 0.0e+00 0.0e+00 0.0e+00 53  2  0  0  0  59  2  0  0  0    28
STComputeOperatr       2 1.0 1.1077e-01 1.0 5.87e+07 1.0 0.0e+00 0.0e+00 0.0e+00  0  0  0  0  0   0  0  0  0  0   530
STApply               64 1.0 3.4202e+01 1.0 7.94e+10 1.0 0.0e+00 0.0e+00 0.0e+00 37 96  0  0  0  41 96  0  0  0  2323
STMatSolve            64 1.0 3.3353e+01 1.0 7.76e+10 1.0 0.0e+00 0.0e+00 0.0e+00 36 94  0  0  0  40 94  0  0  0  2326
KSPSetUp               1 1.0 1.3590e-06 1.0 0.00e+00 0.0 0.0e+00 0.0e+00 0.0e+00  0  0  0  0  0   0  0  0  0  0     0
KSPSolve              64 1.0 3.3353e+01 1.0 7.76e+10 1.0 0.0e+00 0.0e+00 0.0e+00 36 94  0  0  0  40 94  0  0  0  2326
PCSetUp                1 1.0 4.9384e+01 1.0 1.34e+09 1.0 0.0e+00 0.0e+00 0.0e+00 53  2  0  0  0  59  2  0  0  0    27
PCApply               64 1.0 3.3352e+01 1.0 7.76e+10 1.0 0.0e+00 0.0e+00 0.0e+00 36 94  0  0  0  40 94  0  0  0  2326
BVCopy                 7 1.0 1.0205e-03 1.0 0.00e+00 0.0 0.0e+00 0.0e+00 0.0e+00  0  0  0  0  0   0  0  0  0  0     0
BVMultVec            128 1.0 1.7271e-01 1.0 7.55e+08 1.0 0.0e+00 0.0e+00 0.0e+00  0  1  0  0  0   0  1  0  0  0  4371
BVMultInPlace          8 1.0 2.8931e-02 1.0 4.03e+08 1.0 0.0e+00 0.0e+00 0.0e+00  0  0  0  0  0   0  0  0  0  0 13945
BVDotVec             128 1.0 1.7869e-01 1.0 8.21e+08 1.0 0.0e+00 0.0e+00 0.0e+00  0  1  0  0  0   0  1  0  0  0  4593
BVOrthogonalizeV      66 1.0 3.5193e-01 1.0 1.58e+09 1.0 0.0e+00 0.0e+00 0.0e+00  0  2  0  0  0   0  2  0  0  0  4479
BVScale               65 1.0 8.1550e-03 1.0 1.67e+07 1.0 0.0e+00 0.0e+00 0.0e+00  0  0  0  0  0   0  0  0  0  0  2048
BVNormVec              1 1.0 2.8683e-04 1.0 5.14e+05 1.0 0.0e+00 0.0e+00 0.0e+00  0  0  0  0  0   0  0  0  0  0  1792
BVSetRandom            1 1.0 4.4445e-03 1.0 0.00e+00 0.0 0.0e+00 0.0e+00 0.0e+00  0  0  0  0  0   0  0  0  0  0     0
BVMatMultVec          64 1.0 3.4202e+01 1.0 7.94e+10 1.0 0.0e+00 0.0e+00 0.0e+00 37 96  0  0  0  41 96  0  0  0  2323
DSSolve                7 1.0 4.8185e-04 1.0 0.00e+00 0.0 0.0e+00 0.0e+00 0.0e+00  0  0  0  0  0   0  0  0  0  0     0
DSVectors              9 1.0 4.6084e-05 1.0 0.00e+00 0.0 0.0e+00 0.0e+00 0.0e+00  0  0  0  0  0   0  0  0  0  0     0
DSOther               21 1.0 8.8867e-05 1.0 0.00e+00 0.0 0.0e+00 0.0e+00 0.0e+00  0  0  0  0  0   0  0  0  0  0     0

--- Event Stage 4: post

BuildTwoSided          1 1.0 1.2355e-05 1.0 0.00e+00 0.0 0.0e+00 0.0e+00 0.0e+00  0  0  0  0  0   0  0  0  0  0     0
VecScatterBegin        1 1.0 1.9197e-04 1.0 0.00e+00 0.0 0.0e+00 0.0e+00 0.0e+00  0  0  0  0  0   0  0  0  0  0     0
VecScatterEnd          1 1.0 3.0680e-06 1.0 0.00e+00 0.0 0.0e+00 0.0e+00 0.0e+00  0  0  0  0  0   0  0  0  0  0     0
SFSetGraph             1 1.0 3.0076e-03 1.0 0.00e+00 0.0 0.0e+00 0.0e+00 0.0e+00  0  0  0  0  0   7  0  0  0  0     0
SFSetUp                1 1.0 2.8307e-03 1.0 0.00e+00 0.0 0.0e+00 0.0e+00 0.0e+00  0  0  0  0  0   7  0  0  0  0     0
SFPack                 1 1.0 1.0500e-07 1.0 0.00e+00 0.0 0.0e+00 0.0e+00 0.0e+00  0  0  0  0  0   0  0  0  0  0     0
SFUnpack               1 1.0 1.0300e-07 1.0 0.00e+00 0.0 0.0e+00 0.0e+00 0.0e+00  0  0  0  0  0   0  0  0  0  0     0
------------------------------------------------------------------------------------------------------------------------

Object Type          Creations   Destructions. Reports information only for process 0.

--- Event Stage 0: Main Stage

           Container     0              1
              Matrix     0             14
              Vector     0              5
          EPS Solver     0              1
  Spectral Transform     0              1
       Krylov Solver     0              1
      Preconditioner     0              1
       Basis Vectors     0              1
              Region     0              1
       Direct Solver     0              1
         PetscRandom     0              1
              Viewer     0              1

--- Event Stage 1: init

              Matrix     2              0
              Vector     1              0

--- Event Stage 2: build

              Matrix     2              0

--- Event Stage 3: solve

           Container     1              0
              Matrix    15              5
              Vector     7              2
          EPS Solver     1              0
  Spectral Transform     1              0
       Krylov Solver     1              0
      Preconditioner     1              0
       Basis Vectors     1              0
              Region     1              0
       Direct Solver     1              0
         PetscRandom     1              0
              Viewer     1              0

--- Event Stage 4: post

              Vector     2              2
           Index Set     1              1
   Star Forest Graph     1              1
========================================================================================================================
Average time to get PetscTime(): 3.33e-08
#PETSc Option Table entries:
-eps_view # (source: command line)
-ksp_view # (source: command line)
-log_view # (source: command line)
#End of PETSc Option Table entries
Compiled without FORTRAN kernels
Compiled with full precision matrices (default)
sizeof(short) 2 sizeof(int) 4 sizeof(long) 8 sizeof(void*) 8 sizeof(PetscScalar) 8 sizeof(PetscInt) 4
Configure options: --download-eigen --download-hdf5 --download-hypre --download-metis --download-mumps --download-parmetis --download-scalapack --download-slepc --with-64-bit-indices=no --with-debugging=no --with-precision=double --with-scalar-type=real COPTFLAGS=-O3 CXXOPTFLAGS=-O3 FOPTFLAGS=-O3
-----------------------------------------
Libraries compiled on 2024-05-06 10:53:02 on tom 
Machine characteristics: Linux-6.1.0-20-amd64-x86_64-with-glibc2.36
Using PETSc directory: /home/gtheler/libs/petsc
Using PETSc arch: double-int32-release
-----------------------------------------

Using C compiler: mpicc  -fPIC -Wall -Wwrite-strings -Wno-unknown-pragmas -Wno-lto-type-mismatch -Wno-stringop-overflow -fstack-protector -fvisibility=hidden -O3  
Using Fortran compiler: mpif90  -fPIC -Wall -ffree-line-length-none -ffree-line-length-0 -Wno-lto-type-mismatch -Wno-unused-dummy-argument -O3    
-----------------------------------------

Using include paths: -I/home/gtheler/libs/petsc/include -I/home/gtheler/libs/petsc/double-int32-release/include -I/home/gtheler/libs/petsc/double-int32-release/include/eigen3
-----------------------------------------

Using C linker: mpicc
Using Fortran linker: mpif90
Using libraries: -Wl,-rpath,/home/gtheler/libs/petsc/double-int32-release/lib -L/home/gtheler/libs/petsc/double-int32-release/lib -lpetsc -Wl,-rpath,/home/gtheler/libs/petsc/double-int32-release/lib -L/home/gtheler/libs/petsc/double-int32-release/lib -Wl,-rpath,/usr/lib/gcc/x86_64-linux-gnu/12 -L/usr/lib/gcc/x86_64-linux-gnu/12 -lHYPRE -ldmumps -lmumps_common -lpord -lpthread -lscalapack -llapack -lblas -lparmetis -lmetis -lhdf5_hl -lhdf5 -lm -lX11 -lmpichfort -lmpich -lgfortran -lm -lgfortran -lm -lgcc_s -lquadmath -lstdc++ -lquadmath
-----------------------------------------

WARNING! There are options you set that were not used!
WARNING! could be spelling mistake, etc!
There is one unused database option. It is:
Option left: name:-ksp_view (no value) source: command line
