KSP Object: 1 MPI process
  type: preonly
  maximum iterations=10000, initial guess is zero
  tolerances: relative=1e-06, absolute=1e-50, divergence=10000.
  left preconditioning
  using NONE norm type for convergence test
PC Object: 1 MPI process
  type: lu
    out-of-place factorization
    tolerance for zero pivot 2.22045e-14
    matrix ordering: external
    factor fill ratio given 0., needed 0.
      Factored matrix follows:
        Mat Object: 1 MPI process
          type: mumps
          rows=159168, cols=159168
          package used to perform factorization: mumps
          total: nonzeros=2131900416, allocated nonzeros=2131900416
            MUMPS run parameters:
              Use -ksp_view ::ascii_info_detail to display information for all processes
              RINFOG(1) (global estimated flops for the elimination after analysis): 2.94356e+13
              RINFOG(2) (global estimated flops for the assembly after factorization): 5.63131e+09
              RINFOG(3) (global estimated flops for the elimination after factorization): 2.94356e+13
              (RINFOG(12) RINFOG(13))*2^INFOG(34) (determinant): (0.,0.)*(2^0)
              INFOG(3) (estimated real workspace for factors on all processors after analysis): 2131900416
              INFOG(4) (estimated integer workspace for factors on all processors after analysis): 2327036
              INFOG(5) (estimated maximum front size in the complete tree): 26880
              INFOG(6) (number of nodes in the complete tree): 715
              INFOG(7) (ordering option effectively used after analysis): 4
              INFOG(8) (structural symmetry in percent of the permuted matrix after analysis): -1
              INFOG(9) (total real/complex workspace to store the matrix factors after factorization): 2131900416
              INFOG(10) (total integer space store the matrix factors after factorization): 2327036
              INFOG(11) (order of largest frontal matrix after factorization): 26880
              INFOG(12) (number of off-diagonal pivots): 4
              INFOG(13) (number of delayed pivots after factorization): 0
              INFOG(14) (number of memory compress after factorization): 0
              INFOG(15) (number of steps of iterative refinement after solution): 0
              INFOG(16) (estimated size (in MB) of all MUMPS internal data for factorization after analysis: value on the most memory consuming processor): 22750
              INFOG(17) (estimated size of all MUMPS internal data for factorization after analysis: sum over all processors): 22750
              INFOG(18) (size of all MUMPS internal data allocated during factorization: value on the most memory consuming processor): 22750
              INFOG(19) (size of all MUMPS internal data allocated during factorization: sum over all processors): 22750
              INFOG(20) (estimated number of entries in the factors): 2131900416
              INFOG(21) (size in MB of memory effectively used during factorization - value on the most memory consuming processor): 19181
              INFOG(22) (size in MB of memory effectively used during factorization - sum over all processors): 19181
              INFOG(23) (after analysis: value of ICNTL(6) effectively used): 0
              INFOG(24) (after analysis: value of ICNTL(12) effectively used): 1
              INFOG(25) (after factorization: number of pivots modified by static pivoting): 0
              INFOG(28) (after factorization: number of null pivots encountered): 0
              INFOG(29) (after factorization: effective number of entries in the factors (sum over all processors)): 2131900416
              INFOG(30, 31) (after solution: size in Mbytes of memory used during solution phase): 21443, 21443
              INFOG(32) (after analysis: type of analysis done): 1
              INFOG(33) (value used for ICNTL(8)): 7
              INFOG(34) (exponent of the determinant if determinant is requested): 0
              INFOG(35) (after factorization: number of entries taking into account BLR factor compression - sum over all processors): 2131900416
              INFOG(36) (after analysis: estimated size of all MUMPS internal data for running BLR in-core - value on the most memory consuming processor): 0
              INFOG(37) (after analysis: estimated size of all MUMPS internal data for running BLR in-core - sum over all processors): 0
              INFOG(38) (after analysis: estimated size of all MUMPS internal data for running BLR out-of-core - value on the most memory consuming processor): 0
              INFOG(39) (after analysis: estimated size of all MUMPS internal data for running BLR out-of-core - sum over all processors): 0
  linear system matrix = precond matrix:
  Mat Object: K_bc 1 MPI process
    type: seqaij
    rows=159168, cols=159168, bs=48
    total: nonzeros=109836288, allocated nonzeros=109836288
    total number of mallocs used during MatSetValues calls=0
      using I-node routines: found 33160 nodes, limit used is 5
size = 159168	time = 517.7 s	 memory = 23.3 Gb
[0/1 LIN54Z7SQ3] local memory = 23.3 Gb
****************************************************************************************************************************************************************
***                                WIDEN YOUR WINDOW TO 160 CHARACTERS.  Use 'enscript -r -fCourier9' to print this document                                 ***
****************************************************************************************************************************************************************

------------------------------------------------------------------ PETSc Performance Summary: ------------------------------------------------------------------

/home/jtheler/feenox/feenox-intel on a intel named LIN54Z7SQ3 with 1 processor(s), by jtheler on Thu May 16 12:59:33 2024
Using Petsc Release Version 3.21.1, Apr 26, 2024 

                         Max       Max/Min     Avg       Total
Time (sec):           5.170e+02     1.000   5.170e+02
Objects:              0.000e+00     0.000   0.000e+00
Flops:                9.895e+09     1.000   9.895e+09  9.895e+09
Flops/sec:            1.914e+07     1.000   1.914e+07  1.914e+07
MPI Msg Count:        0.000e+00     0.000   0.000e+00  0.000e+00
MPI Msg Len (bytes):  0.000e+00     0.000   0.000e+00  0.000e+00
MPI Reductions:       0.000e+00     0.000

Flop counting convention: 1 flop = 1 real number operation of type (multiply/divide/add/subtract)
                            e.g., VecAXPY() for real vectors of length N --> 2N flops
                            and VecAXPY() for complex vectors of length N --> 8N flops

Summary of Stages:   ----- Time ------  ----- Flop ------  --- Messages ---  -- Message Lengths --  -- Reductions --
                        Avg     %Total     Avg     %Total    Count   %Total     Avg         %Total    Count   %Total
 0:      Main Stage: 7.4170e-02   0.0%  0.0000e+00   0.0%  0.000e+00   0.0%  0.000e+00        0.0%  0.000e+00   0.0%
 1:            init: 2.0842e-03   0.0%  0.0000e+00   0.0%  0.000e+00   0.0%  0.000e+00        0.0%  0.000e+00   0.0%
 2:           build: 6.4173e+01  12.4%  0.0000e+00   0.0%  0.000e+00   0.0%  0.000e+00        0.0%  0.000e+00   0.0%
 3:           solve: 4.5271e+02  87.6%  9.8948e+09 100.0%  0.000e+00   0.0%  0.000e+00        0.0%  0.000e+00   0.0%
 4:            post: 4.1089e-03   0.0%  0.0000e+00   0.0%  0.000e+00   0.0%  0.000e+00        0.0%  0.000e+00   0.0%

------------------------------------------------------------------------------------------------------------------------
See the 'Profiling' chapter of the users' manual for details on interpreting output.
Phase summary info:
   Count: number of times phase was executed
   Time and Flop: Max - maximum over all processors
                  Ratio - ratio of maximum to minimum over all processors
   Mess: number of messages sent
   AvgLen: average message length (bytes)
   Reduct: number of global reductions
   Global: entire computation
   Stage: stages of a computation. Set stages with PetscLogStagePush() and PetscLogStagePop().
      %T - percent time in this phase         %F - percent flop in this phase
      %M - percent messages in this phase     %L - percent message lengths in this phase
      %R - percent reductions in this phase
   Total Mflop/s: 10e-6 * (sum of flop over all processors)/(max time over all processors)
------------------------------------------------------------------------------------------------------------------------
Event                Count      Time (sec)     Flop                              --- Global ---  --- Stage ----  Total
                   Max Ratio  Max     Ratio   Max  Ratio  Mess   AvgLen  Reduct  %T %F %M %L %R  %T %F %M %L %R Mflop/s
------------------------------------------------------------------------------------------------------------------------

--- Event Stage 0: Main Stage


--- Event Stage 1: init


--- Event Stage 2: build

MatConvert             1 1.0 3.6601e-01 1.0 0.00e+00 0.0 0.0e+00 0.0e+00 0.0e+00  0  0  0  0  0   1  0  0  0  0     0
MatAssemblyBegin       1 1.0 9.1768e-08 1.0 0.00e+00 0.0 0.0e+00 0.0e+00 0.0e+00  0  0  0  0  0   0  0  0  0  0     0
MatAssemblyEnd         1 1.0 8.6490e+00 1.0 0.00e+00 0.0 0.0e+00 0.0e+00 0.0e+00  2  0  0  0  0  13  0  0  0  0     0
MatSetValues      177489 1.0 5.7235e+01 1.0 0.00e+00 0.0 0.0e+00 0.0e+00 0.0e+00 11  0  0  0  0  89  0  0  0  0     0
MatZeroEntries         1 1.0 2.9688e-06 1.0 0.00e+00 0.0 0.0e+00 0.0e+00 0.0e+00  0  0  0  0  0   0  0  0  0  0     0
VecCopy                1 1.0 7.6026e-05 1.0 0.00e+00 0.0 0.0e+00 0.0e+00 0.0e+00  0  0  0  0  0   0  0  0  0  0     0
VecAssemblyBegin       2 1.0 1.5087e-07 1.0 0.00e+00 0.0 0.0e+00 0.0e+00 0.0e+00  0  0  0  0  0   0  0  0  0  0     0
VecAssemblyEnd         2 1.0 1.3930e-07 1.0 0.00e+00 0.0 0.0e+00 0.0e+00 0.0e+00  0  0  0  0  0   0  0  0  0  0     0
VecSetValues       18322 1.0 1.3055e-02 1.0 0.00e+00 0.0 0.0e+00 0.0e+00 0.0e+00  0  0  0  0  0   0  0  0  0  0     0

--- Event Stage 3: solve

MatSolve               1 1.0 1.2468e+00 1.0 4.26e+09 1.0 0.0e+00 0.0e+00 0.0e+00  0 43  0  0  0   0 43  0  0  0  3420
MatLUFactorSym         1 1.0 8.3678e-01 1.0 0.00e+00 0.0 0.0e+00 0.0e+00 0.0e+00  0  0  0  0  0   0  0  0  0  0     0
MatLUFactorNum         1 1.0 4.5063e+02 1.0 5.63e+09 1.0 0.0e+00 0.0e+00 0.0e+00 87 57  0  0  0 100 57  0  0  0    12
MatView                2 1.0 1.2895e-04 1.0 0.00e+00 0.0 0.0e+00 0.0e+00 0.0e+00  0  0  0  0  0   0  0  0  0  0     0
VecCopy                1 1.0 1.1686e-04 1.0 0.00e+00 0.0 0.0e+00 0.0e+00 0.0e+00  0  0  0  0  0   0  0  0  0  0     0
KSPSetUp               1 1.0 9.2139e-07 1.0 0.00e+00 0.0 0.0e+00 0.0e+00 0.0e+00  0  0  0  0  0   0  0  0  0  0     0
KSPSolve               1 1.0 1.2468e+00 1.0 4.26e+09 1.0 0.0e+00 0.0e+00 0.0e+00  0 43  0  0  0   0 43  0  0  0  3420
PCSetUp                1 1.0 4.5146e+02 1.0 5.63e+09 1.0 0.0e+00 0.0e+00 0.0e+00 87 57  0  0  0 100 57  0  0  0    12
PCApply                1 1.0 1.2468e+00 1.0 4.26e+09 1.0 0.0e+00 0.0e+00 0.0e+00  0 43  0  0  0   0 43  0  0  0  3420

--- Event Stage 4: post

BuildTwoSided          1 1.0 6.3948e-06 1.0 0.00e+00 0.0 0.0e+00 0.0e+00 0.0e+00  0  0  0  0  0   0  0  0  0  0     0
VecScatterBegin        1 1.0 9.1619e-05 1.0 0.00e+00 0.0 0.0e+00 0.0e+00 0.0e+00  0  0  0  0  0   2  0  0  0  0     0
VecScatterEnd          1 1.0 3.1949e-06 1.0 0.00e+00 0.0 0.0e+00 0.0e+00 0.0e+00  0  0  0  0  0   0  0  0  0  0     0
SFSetGraph             1 1.0 1.0776e-03 1.0 0.00e+00 0.0 0.0e+00 0.0e+00 0.0e+00  0  0  0  0  0  26  0  0  0  0     0
SFSetUp                1 1.0 1.2496e-03 1.0 0.00e+00 0.0 0.0e+00 0.0e+00 0.0e+00  0  0  0  0  0  30  0  0  0  0     0
SFPack                 1 1.0 9.6727e-08 1.0 0.00e+00 0.0 0.0e+00 0.0e+00 0.0e+00  0  0  0  0  0   0  0  0  0  0     0
SFUnpack               1 1.0 6.4898e-08 1.0 0.00e+00 0.0 0.0e+00 0.0e+00 0.0e+00  0  0  0  0  0   0  0  0  0  0     0
------------------------------------------------------------------------------------------------------------------------

Object Type          Creations   Destructions. Reports information only for process 0.

--- Event Stage 0: Main Stage

              Matrix     0              1
              Viewer     0              1

--- Event Stage 1: init

              Matrix     1              0
              Vector     2              0

--- Event Stage 2: build

              Matrix     1              0
              Vector     2              1

--- Event Stage 3: solve

              Matrix     3              2
       Krylov Solver     1              0
      Preconditioner     1              0
              Viewer     1              0

--- Event Stage 4: post

              Vector     2              2
           Index Set     1              1
   Star Forest Graph     1              1
========================================================================================================================
Average time to get PetscTime(): 1.25663e-08
#PETSc Option Table entries:
-eps_view # (source: command line)
-ksp_view # (source: command line)
-log_view # (source: command line)
#End of PETSc Option Table entries
Compiled without FORTRAN kernels
Compiled with full precision matrices (default)
sizeof(short) 2 sizeof(int) 4 sizeof(long) 8 sizeof(void*) 8 sizeof(PetscScalar) 8 sizeof(PetscInt) 4
Configure options: --download-mumps --download-scalapack --download-slepc --with-blaslapackdir=/opt/intel/oneapi/mkl/latest --with-mpi-dir=/opt/intel/oneapi/mpi/latest --with-debugging=no COPTFLAGS=-O3 CXXOPTFLAGS=-O3 FOPTFLAGS=-O3
-----------------------------------------
Libraries compiled on 2024-05-16 10:59:35 on LIN54Z7SQ3 
Machine characteristics: Linux-6.5.0-35-generic-x86_64-with-glibc2.35
Using PETSc directory: /home/jtheler/libs/petsc-3.21.1
Using PETSc arch: intel
-----------------------------------------

Using C compiler: /opt/intel/oneapi/mpi/latest/bin/mpiicc  -fPIC -Wall -Wwrite-strings -Wno-unknown-pragmas -fstack-protector -Qunused-arguments -fvisibility=hidden -O3  
Using Fortran compiler: /opt/intel/oneapi/mpi/latest/bin/mpiifort  -fPIC -O3    
-----------------------------------------

Using include paths: -I/home/jtheler/libs/petsc-3.21.1/include -I/home/jtheler/libs/petsc-3.21.1/intel/include -I/opt/intel/oneapi/mpi/latest/include
-----------------------------------------

Using C linker: /opt/intel/oneapi/mpi/latest/bin/mpiicc
Using Fortran linker: /opt/intel/oneapi/mpi/latest/bin/mpiifort
Using libraries: -Wl,-rpath,/home/jtheler/libs/petsc-3.21.1/intel/lib -L/home/jtheler/libs/petsc-3.21.1/intel/lib -lpetsc -Wl,-rpath,/home/jtheler/libs/petsc-3.21.1/intel/lib -L/home/jtheler/libs/petsc-3.21.1/intel/lib -fortlib -Wl,-rpath,/opt/intel/oneapi/mpi/latest/lib/release -L/opt/intel/oneapi/mpi/latest/lib/release -Wl,-rpath,/opt/intel/oneapi/mpi/latest/lib -L/opt/intel/oneapi/mpi/latest/lib -Wl,-rpath,/opt/intel/oneapi/compiler/2023.2.1/linux/compiler/lib/intel64_lin -L/opt/intel/oneapi/compiler/2023.2.1/linux/compiler/lib/intel64_lin -Wl,-rpath,/opt/intel/oneapi/compiler/2023.2.1/linux/lib -L/opt/intel/oneapi/compiler/2023.2.1/linux/lib -Wl,-rpath,/usr/lib/gcc/x86_64-linux-gnu/11 -L/usr/lib/gcc/x86_64-linux-gnu/11 -Wl,-rpath,/opt/intel/oneapi/tbb/2021.10.0/lib/intel64/gcc4.8 -L/opt/intel/oneapi/tbb/2021.10.0/lib/intel64/gcc4.8 -Wl,-rpath,/opt/intel/oneapi/mpi/2021.9.0/libfabric/lib -L/opt/intel/oneapi/mpi/2021.9.0/libfabric/lib -Wl,-rpath,/opt/intel/oneapi/mpi/2021.9.0/lib/release -L/opt/intel/oneapi/mpi/2021.9.0/lib/release -Wl,-rpath,/opt/intel/oneapi/mpi/2021.9.0/lib -L/opt/intel/oneapi/mpi/2021.9.0/lib -Wl,-rpath,/opt/intel/oneapi/mkl/2023.2.0/lib/intel64 -L/opt/intel/oneapi/mkl/2023.2.0/lib/intel64 -Wl,-rpath,/opt/intel/oneapi/ipp/2021.9.0/lib/intel64 -L/opt/intel/oneapi/ipp/2021.9.0/lib/intel64 -Wl,-rpath,/opt/intel/oneapi/ippcp/2021.8.0/lib/intel64 -L/opt/intel/oneapi/ippcp/2021.8.0/lib/intel64 -Wl,-rpath,/opt/intel/oneapi/dnnl/2023.2.0/cpu_dpcpp_gpu_dpcpp/lib -L/opt/intel/oneapi/dnnl/2023.2.0/cpu_dpcpp_gpu_dpcpp/lib -Wl,-rpath,/opt/intel/oneapi/dal/2023.2.0/lib/intel64 -L/opt/intel/oneapi/dal/2023.2.0/lib/intel64 -Wl,-rpath,/opt/intel/oneapi/clck/2021.7.3/lib/intel64 -L/opt/intel/oneapi/clck/2021.7.3/lib/intel64 -Wl,-rpath,/opt/intel/oneapi/ccl/2021.10.0/lib/cpu_gpu_dpcpp -L/opt/intel/oneapi/ccl/2021.10.0/lib/cpu_gpu_dpcpp -ldmumps -lmumps_common -lpord -lpthread -lscalapack -lopenblas -lX11 -lmpicxx -lmpifort -lmpi -ldl -lrt -lpthread -lsvml -lirng -lstdc++ -limf -lm -lgcc_s -lirc -lirc_s
-----------------------------------------

WARNING! There are options you set that were not used!
WARNING! could be spelling mistake, etc!
There is one unused database option. It is:
Option left: name:-eps_view (no value) source: command line
