....................................................................................................
size = 256964	time = 112.6 s	 memory = 6.5 Gb
[0/1 LIN54Z7SQ3] local memory = 6.5 Gb
****************************************************************************************************************************************************************
***                                WIDEN YOUR WINDOW TO 160 CHARACTERS.  Use 'enscript -r -fCourier9' to print this document                                 ***
****************************************************************************************************************************************************************

------------------------------------------------------------------ PETSc Performance Summary: ------------------------------------------------------------------

feenox on a gcc-gfortran-intelmpi named LIN54Z7SQ3 with 1 processor, by jtheler Wed Oct 25 02:07:42 2023
Using Petsc Release Version 3.20.0, Sep 28, 2023 

                         Max       Max/Min     Avg       Total
Time (sec):           1.118e+02     1.000   1.118e+02
Objects:              0.000e+00     0.000   0.000e+00
Flops:                1.625e+11     1.000   1.625e+11  1.625e+11
Flops/sec:            1.454e+09     1.000   1.454e+09  1.454e+09
MPI Msg Count:        0.000e+00     0.000   0.000e+00  0.000e+00
MPI Msg Len (bytes):  0.000e+00     0.000   0.000e+00  0.000e+00
MPI Reductions:       0.000e+00     0.000

Flop counting convention: 1 flop = 1 real number operation of type (multiply/divide/add/subtract)
                            e.g., VecAXPY() for real vectors of length N --> 2N flops
                            and VecAXPY() for complex vectors of length N --> 8N flops

Summary of Stages:   ----- Time ------  ----- Flop ------  --- Messages ---  -- Message Lengths --  -- Reductions --
                        Avg     %Total     Avg     %Total    Count   %Total     Avg         %Total    Count   %Total
 0:      Main Stage: 6.0228e-01   0.5%  0.0000e+00   0.0%  0.000e+00   0.0%  0.000e+00        0.0%  0.000e+00   0.0%
 1:            init: 4.2986e-03   0.0%  0.0000e+00   0.0%  0.000e+00   0.0%  0.000e+00        0.0%  0.000e+00   0.0%
 2:           build: 7.5378e+00   6.7%  0.0000e+00   0.0%  0.000e+00   0.0%  0.000e+00        0.0%  0.000e+00   0.0%
 3:           solve: 1.0362e+02  92.7%  1.6252e+11 100.0%  0.000e+00   0.0%  0.000e+00        0.0%  0.000e+00   0.0%
 4:            post: 2.3819e-02   0.0%  0.0000e+00   0.0%  0.000e+00   0.0%  0.000e+00        0.0%  0.000e+00   0.0%

------------------------------------------------------------------------------------------------------------------------
See the 'Profiling' chapter of the users' manual for details on interpreting output.
Phase summary info:
   Count: number of times phase was executed
   Time and Flop: Max - maximum over all processors
                  Ratio - ratio of maximum to minimum over all processors
   Mess: number of messages sent
   AvgLen: average message length (bytes)
   Reduct: number of global reductions
   Global: entire computation
   Stage: stages of a computation. Set stages with PetscLogStagePush() and PetscLogStagePop().
      %T - percent time in this phase         %F - percent flop in this phase
      %M - percent messages in this phase     %L - percent message lengths in this phase
      %R - percent reductions in this phase
   Total Mflop/s: 10e-6 * (sum of flop over all processors)/(max time over all processors)
------------------------------------------------------------------------------------------------------------------------
Event                Count      Time (sec)     Flop                              --- Global ---  --- Stage ----  Total
                   Max Ratio  Max     Ratio   Max  Ratio  Mess   AvgLen  Reduct  %T %F %M %L %R  %T %F %M %L %R Mflop/s
------------------------------------------------------------------------------------------------------------------------

--- Event Stage 0: Main Stage


--- Event Stage 1: init


--- Event Stage 2: build

MatConvert             2 1.0 1.0999e-01 1.0 0.00e+00 0.0 0.0e+00 0.0e+00 0.0e+00  0  0  0  0  0   1  0  0  0  0     0
MatAssemblyBegin       2 1.0 2.4885e-07 1.0 0.00e+00 0.0 0.0e+00 0.0e+00 0.0e+00  0  0  0  0  0   0  0  0  0  0     0
MatAssemblyEnd         2 1.0 1.6608e+00 1.0 0.00e+00 0.0 0.0e+00 0.0e+00 0.0e+00  1  0  0  0  0  22  0  0  0  0     0
MatSetValues      706414 1.0 6.3843e+00 1.0 0.00e+00 0.0 0.0e+00 0.0e+00 0.0e+00  6  0  0  0  0  85  0  0  0  0     0
MatZeroEntries         2 1.0 5.1174e-07 1.0 0.00e+00 0.0 0.0e+00 0.0e+00 0.0e+00  0  0  0  0  0   0  0  0  0  0     0
VecAssemblyBegin       1 1.0 3.1333e-07 1.0 0.00e+00 0.0 0.0e+00 0.0e+00 0.0e+00  0  0  0  0  0   0  0  0  0  0     0
VecAssemblyEnd         1 1.0 1.1120e-07 1.0 0.00e+00 0.0 0.0e+00 0.0e+00 0.0e+00  0  0  0  0  0   0  0  0  0  0     0

--- Event Stage 3: solve

MatMult               64 1.0 5.4719e+01 1.0 1.59e+11 1.0 0.0e+00 0.0e+00 0.0e+00 49 98  0  0  0  53 98  0  0  0  2908
MatSolve             128 1.0 5.3290e+01 1.0 1.55e+11 1.0 0.0e+00 0.0e+00 0.0e+00 48 95  0  0  0  51 95  0  0  0  2912
MatLUFactorSym         1 1.0 1.7336e+00 1.0 0.00e+00 0.0 0.0e+00 0.0e+00 0.0e+00  2  0  0  0  0   2  0  0  0  0     0
MatLUFactorNum         1 1.0 4.6759e+01 1.0 1.34e+09 1.0 0.0e+00 0.0e+00 0.0e+00 42  1  0  0  0  45  1  0  0  0    29
MatConvert             2 1.0 1.0632e-01 1.0 0.00e+00 0.0 0.0e+00 0.0e+00 0.0e+00  0  0  0  0  0   0  0  0  0  0     0
MatGetValues           6 1.0 4.6425e-06 1.0 0.00e+00 0.0 0.0e+00 0.0e+00 0.0e+00  0  0  0  0  0   0  0  0  0  0     0
MatAXPY                2 1.0 2.6811e-02 1.0 5.87e+07 1.0 0.0e+00 0.0e+00 0.0e+00  0  0  0  0  0   0  0  0  0  0  2189
VecMDot               64 1.0 1.0442e-02 1.0 3.29e+07 1.0 0.0e+00 0.0e+00 0.0e+00  0  0  0  0  0   0  0  0  0  0  3150
VecNorm              128 1.0 8.1588e-03 1.0 6.58e+07 1.0 0.0e+00 0.0e+00 0.0e+00  0  0  0  0  0   0  0  0  0  0  8063
VecScale             128 1.0 1.0912e-02 1.0 3.29e+07 1.0 0.0e+00 0.0e+00 0.0e+00  0  0  0  0  0   0  0  0  0  0  3014
VecCopy              194 1.0 2.0168e-02 1.0 0.00e+00 0.0 0.0e+00 0.0e+00 0.0e+00  0  0  0  0  0   0  0  0  0  0     0
VecSet               128 1.0 1.2864e-02 1.0 0.00e+00 0.0 0.0e+00 0.0e+00 0.0e+00  0  0  0  0  0   0  0  0  0  0     0
VecAXPY               64 1.0 8.7877e-03 1.0 3.29e+07 1.0 0.0e+00 0.0e+00 0.0e+00  0  0  0  0  0   0  0  0  0  0  3743
VecMAXPY             128 1.0 1.6375e-02 1.0 6.58e+07 1.0 0.0e+00 0.0e+00 0.0e+00  0  0  0  0  0   0  0  0  0  0  4017
VecSetRandom           1 1.0 4.0722e-03 1.0 0.00e+00 0.0 0.0e+00 0.0e+00 0.0e+00  0  0  0  0  0   0  0  0  0  0     0
VecNormalize         128 1.0 1.9254e-02 1.0 9.87e+07 1.0 0.0e+00 0.0e+00 0.0e+00  0  0  0  0  0   0  0  0  0  0  5125
EPSSetUp               1 1.0 4.8585e+01 1.0 1.37e+09 1.0 0.0e+00 0.0e+00 0.0e+00 43  1  0  0  0  47  1  0  0  0    28
EPSSolve               1 1.0 1.0354e+02 1.0 1.62e+11 1.0 0.0e+00 0.0e+00 0.0e+00 93 100  0  0  0 100 100  0  0  0  1569
STSetUp                1 1.0 4.8566e+01 1.0 1.36e+09 1.0 0.0e+00 0.0e+00 0.0e+00 43  1  0  0  0  47  1  0  0  0    28
STComputeOperatr       2 1.0 1.3314e-01 1.0 5.87e+07 1.0 0.0e+00 0.0e+00 0.0e+00  0  0  0  0  0   0  0  0  0  0   441
STApply               64 1.0 5.4719e+01 1.0 1.59e+11 1.0 0.0e+00 0.0e+00 0.0e+00 49 98  0  0  0  53 98  0  0  0  2908
STMatSolve            64 1.0 5.4039e+01 1.0 1.57e+11 1.0 0.0e+00 0.0e+00 0.0e+00 48 97  0  0  0  52 97  0  0  0  2910
KSPSetUp               1 1.0 3.6282e-03 1.0 0.00e+00 0.0 0.0e+00 0.0e+00 0.0e+00  0  0  0  0  0   0  0  0  0  0     0
KSPSolve              64 1.0 5.4039e+01 1.0 1.57e+11 1.0 0.0e+00 0.0e+00 0.0e+00 48 97  0  0  0  52 97  0  0  0  2910
KSPGMRESOrthog        64 1.0 1.9359e-02 1.0 6.58e+07 1.0 0.0e+00 0.0e+00 0.0e+00  0  0  0  0  0   0  0  0  0  0  3398
PCSetUp                1 1.0 4.8492e+01 1.0 1.34e+09 1.0 0.0e+00 0.0e+00 0.0e+00 43  1  0  0  0  47  1  0  0  0    28
PCApply              128 1.0 5.3290e+01 1.0 1.55e+11 1.0 0.0e+00 0.0e+00 0.0e+00 48 95  0  0  0  51 95  0  0  0  2912
BVCopy                 7 1.0 7.0510e-04 1.0 0.00e+00 0.0 0.0e+00 0.0e+00 0.0e+00  0  0  0  0  0   0  0  0  0  0     0
BVMultVec            128 1.0 1.0241e-01 1.0 7.55e+08 1.0 0.0e+00 0.0e+00 0.0e+00  0  0  0  0  0   0  0  0  0  0  7372
BVMultInPlace          8 1.0 1.8902e-02 1.0 4.03e+08 1.0 0.0e+00 0.0e+00 0.0e+00  0  0  0  0  0   0  0  0  0  0 21343
BVDotVec             128 1.0 9.8951e-02 1.0 8.21e+08 1.0 0.0e+00 0.0e+00 0.0e+00  0  1  0  0  0   0  1  0  0  0  8294
BVOrthogonalizeV      66 1.0 2.1046e-01 1.0 1.58e+09 1.0 0.0e+00 0.0e+00 0.0e+00  0  1  0  0  0   0  1  0  0  0  7489
BVScale               65 1.0 5.6272e-03 1.0 1.67e+07 1.0 0.0e+00 0.0e+00 0.0e+00  0  0  0  0  0   0  0  0  0  0  2968
BVNormVec              1 1.0 8.8193e-03 1.0 5.14e+05 1.0 0.0e+00 0.0e+00 0.0e+00  0  0  0  0  0   0  0  0  0  0    58
BVSetRandom            1 1.0 4.0735e-03 1.0 0.00e+00 0.0 0.0e+00 0.0e+00 0.0e+00  0  0  0  0  0   0  0  0  0  0     0
BVMatMultVec          64 1.0 5.4719e+01 1.0 1.59e+11 1.0 0.0e+00 0.0e+00 0.0e+00 49 98  0  0  0  53 98  0  0  0  2908
DSSolve                7 1.0 2.0189e-03 1.0 0.00e+00 0.0 0.0e+00 0.0e+00 0.0e+00  0  0  0  0  0   0  0  0  0  0     0
DSVectors              9 1.0 4.7440e-04 1.0 0.00e+00 0.0 0.0e+00 0.0e+00 0.0e+00  0  0  0  0  0   0  0  0  0  0     0
DSOther               21 1.0 7.8767e-05 1.0 0.00e+00 0.0 0.0e+00 0.0e+00 0.0e+00  0  0  0  0  0   0  0  0  0  0     0

--- Event Stage 4: post

BuildTwoSided          1 1.0 3.1159e-06 1.0 0.00e+00 0.0 0.0e+00 0.0e+00 0.0e+00  0  0  0  0  0   0  0  0  0  0     0
VecScatterBegin        1 1.0 1.2219e-04 1.0 0.00e+00 0.0 0.0e+00 0.0e+00 0.0e+00  0  0  0  0  0   1  0  0  0  0     0
VecScatterEnd          1 1.0 1.8618e-06 1.0 0.00e+00 0.0 0.0e+00 0.0e+00 0.0e+00  0  0  0  0  0   0  0  0  0  0     0
SFSetGraph             1 1.0 2.4540e-03 1.0 0.00e+00 0.0 0.0e+00 0.0e+00 0.0e+00  0  0  0  0  0  10  0  0  0  0     0
SFSetUp                1 1.0 1.9466e-03 1.0 0.00e+00 0.0 0.0e+00 0.0e+00 0.0e+00  0  0  0  0  0   8  0  0  0  0     0
SFPack                 1 1.0 1.1781e-07 1.0 0.00e+00 0.0 0.0e+00 0.0e+00 0.0e+00  0  0  0  0  0   0  0  0  0  0     0
SFUnpack               1 1.0 1.2566e-07 1.0 0.00e+00 0.0 0.0e+00 0.0e+00 0.0e+00  0  0  0  0  0   0  0  0  0  0     0
------------------------------------------------------------------------------------------------------------------------

Object Type          Creations   Destructions. Reports information only for process 0.

--- Event Stage 0: Main Stage

           Container     0              1
              Matrix     0             14
              Vector     0             11
          EPS Solver     0              1
  Spectral Transform     0              1
       Krylov Solver     0              1
      Preconditioner     0              1
       Basis Vectors     0              1
              Region     0              1
       Direct Solver     0              1
         PetscRandom     0              1
    Distributed Mesh     0              1
   Star Forest Graph     0              2
     Discrete System     0              1
           Weak Form     0              1
              Viewer     1              0

--- Event Stage 1: init

              Matrix     2              0
              Vector     1              0

--- Event Stage 2: build

              Matrix     2              0

--- Event Stage 3: solve

           Container     1              0
              Matrix    15              5
              Vector    13              2
          EPS Solver     1              0
  Spectral Transform     1              0
       Krylov Solver     1              0
      Preconditioner     1              0
       Basis Vectors     1              0
              Region     1              0
       Direct Solver     1              0
         PetscRandom     1              0
    Distributed Mesh     1              0
   Star Forest Graph     2              0
     Discrete System     1              0
           Weak Form     1              0

--- Event Stage 4: post

              Vector     2              2
           Index Set     1              1
   Star Forest Graph     1              1

--- Event Stage 5: PCMPI

========================================================================================================================
Average time to get PetscTime(): 3.0589e-08
#PETSc Option Table entries:
-log_view # (source: command line)
-progress # (source: command line)
#End of PETSc Option Table entries
Compiled without FORTRAN kernels
Compiled with full precision matrices (default)
sizeof(short) 2 sizeof(int) 4 sizeof(long) 8 sizeof(void*) 8 sizeof(PetscScalar) 8 sizeof(PetscInt) 4
Configure options: --download-eigen --download-hdf5 --download-hypre --download-metis --download-mumps --download-parmetis --download-scalapack --download-slepc --with-64-bit-indices=no --with-avx512-kernels=1 --with-debugging=no --with-precision=double --with-scalar-type=real --with-x=0 COPTFLAGS=-O3 CXXOPTFLAGS=-O3 FOPTFLAGS=-O3
-----------------------------------------
Libraries compiled on 2023-10-16 11:41:24 on LIN54Z7SQ3 
Machine characteristics: Linux-6.2.0-34-generic-x86_64-with-glibc2.35
Using PETSc directory: /home/jtheler/libs/petsc-3.20.0
Using PETSc arch: gcc-gfortran-intelmpi
-----------------------------------------

Using C compiler: mpicc  -fPIC -Wall -Wwrite-strings -Wno-unknown-pragmas -Wno-lto-type-mismatch -Wno-stringop-overflow -fstack-protector -fvisibility=hidden -O3  
Using Fortran compiler: mpif90  -fPIC -Wall -ffree-line-length-none -ffree-line-length-0 -Wno-lto-type-mismatch -Wno-unused-dummy-argument -O3    
-----------------------------------------

Using include paths: -I/home/jtheler/libs/petsc-3.20.0/include -I/home/jtheler/libs/petsc-3.20.0/gcc-gfortran-intelmpi/include -I/home/jtheler/libs/petsc-3.20.0/gcc-gfortran-intelmpi/include/eigen3
-----------------------------------------

Using C linker: mpicc
Using Fortran linker: mpif90
Using libraries: -Wl,-rpath,/home/jtheler/libs/petsc-3.20.0/gcc-gfortran-intelmpi/lib -L/home/jtheler/libs/petsc-3.20.0/gcc-gfortran-intelmpi/lib -lpetsc -Wl,-rpath,/home/jtheler/libs/petsc-3.20.0/gcc-gfortran-intelmpi/lib -L/home/jtheler/libs/petsc-3.20.0/gcc-gfortran-intelmpi/lib -lHYPRE -ldmumps -lmumps_common -lpord -lpthread -lscalapack -llapack -lblas -lparmetis -lmetis -lhdf5_hl -lhdf5 -lm -lgfortran -lstdc++ -lquadmath
-----------------------------------------

