....................................................................................................
----------------------------------------------------------------------------------------------------
size = 159168	time = 227.1 s	 memory = 16.3 Gb
[0/1 LIN54Z7SQ3] local memory = 16.3 Gb
****************************************************************************************************************************************************************
***                                WIDEN YOUR WINDOW TO 160 CHARACTERS.  Use 'enscript -r -fCourier9' to print this document                                 ***
****************************************************************************************************************************************************************

------------------------------------------------------------------ PETSc Performance Summary: ------------------------------------------------------------------

feenox on a gcc-gfortran-intelmpi named LIN54Z7SQ3 with 1 processor, by jtheler Wed Oct 25 04:52:47 2023
Using Petsc Release Version 3.20.0, Sep 28, 2023 

                         Max       Max/Min     Avg       Total
Time (sec):           2.262e+02     1.000   2.262e+02
Objects:              0.000e+00     0.000   0.000e+00
Flops:                6.485e+09     1.000   6.485e+09  6.485e+09
Flops/sec:            2.866e+07     1.000   2.866e+07  2.866e+07
MPI Msg Count:        0.000e+00     0.000   0.000e+00  0.000e+00
MPI Msg Len (bytes):  0.000e+00     0.000   0.000e+00  0.000e+00
MPI Reductions:       0.000e+00     0.000

Flop counting convention: 1 flop = 1 real number operation of type (multiply/divide/add/subtract)
                            e.g., VecAXPY() for real vectors of length N --> 2N flops
                            and VecAXPY() for complex vectors of length N --> 8N flops

Summary of Stages:   ----- Time ------  ----- Flop ------  --- Messages ---  -- Message Lengths --  -- Reductions --
                        Avg     %Total     Avg     %Total    Count   %Total     Avg         %Total    Count   %Total
 0:      Main Stage: 6.9256e-02   0.0%  0.0000e+00   0.0%  0.000e+00   0.0%  0.000e+00        0.0%  0.000e+00   0.0%
 1:            init: 1.9016e-03   0.0%  0.0000e+00   0.0%  0.000e+00   0.0%  0.000e+00        0.0%  0.000e+00   0.0%
 2:           build: 5.4343e+01  24.0%  0.0000e+00   0.0%  0.000e+00   0.0%  0.000e+00        0.0%  0.000e+00   0.0%
 3:           solve: 1.7181e+02  75.9%  6.4845e+09 100.0%  0.000e+00   0.0%  0.000e+00        0.0%  0.000e+00   0.0%
 4:            post: 3.9639e-03   0.0%  0.0000e+00   0.0%  0.000e+00   0.0%  0.000e+00        0.0%  0.000e+00   0.0%

------------------------------------------------------------------------------------------------------------------------
See the 'Profiling' chapter of the users' manual for details on interpreting output.
Phase summary info:
   Count: number of times phase was executed
   Time and Flop: Max - maximum over all processors
                  Ratio - ratio of maximum to minimum over all processors
   Mess: number of messages sent
   AvgLen: average message length (bytes)
   Reduct: number of global reductions
   Global: entire computation
   Stage: stages of a computation. Set stages with PetscLogStagePush() and PetscLogStagePop().
      %T - percent time in this phase         %F - percent flop in this phase
      %M - percent messages in this phase     %L - percent message lengths in this phase
      %R - percent reductions in this phase
   Total Mflop/s: 10e-6 * (sum of flop over all processors)/(max time over all processors)
------------------------------------------------------------------------------------------------------------------------
Event                Count      Time (sec)     Flop                              --- Global ---  --- Stage ----  Total
                   Max Ratio  Max     Ratio   Max  Ratio  Mess   AvgLen  Reduct  %T %F %M %L %R  %T %F %M %L %R Mflop/s
------------------------------------------------------------------------------------------------------------------------

--- Event Stage 0: Main Stage


--- Event Stage 1: init


--- Event Stage 2: build

MatConvert             1 1.0 3.2697e-01 1.0 0.00e+00 0.0 0.0e+00 0.0e+00 0.0e+00  0  0  0  0  0   1  0  0  0  0     0
MatAssemblyBegin       1 1.0 7.8951e-08 1.0 0.00e+00 0.0 0.0e+00 0.0e+00 0.0e+00  0  0  0  0  0   0  0  0  0  0     0
MatAssemblyEnd         1 1.0 7.8823e+00 1.0 0.00e+00 0.0 0.0e+00 0.0e+00 0.0e+00  3  0  0  0  0  15  0  0  0  0     0
MatSetValues      177489 1.0 4.7690e+01 1.0 0.00e+00 0.0 0.0e+00 0.0e+00 0.0e+00 21  0  0  0  0  88  0  0  0  0     0
MatZeroEntries         1 1.0 3.3524e-07 1.0 0.00e+00 0.0 0.0e+00 0.0e+00 0.0e+00  0  0  0  0  0   0  0  0  0  0     0
VecCopy                1 1.0 7.4283e-05 1.0 0.00e+00 0.0 0.0e+00 0.0e+00 0.0e+00  0  0  0  0  0   0  0  0  0  0     0
VecAssemblyBegin       2 1.0 2.0089e-07 1.0 0.00e+00 0.0 0.0e+00 0.0e+00 0.0e+00  0  0  0  0  0   0  0  0  0  0     0
VecAssemblyEnd         2 1.0 1.3062e-07 1.0 0.00e+00 0.0 0.0e+00 0.0e+00 0.0e+00  0  0  0  0  0   0  0  0  0  0     0
VecSetValues       18322 1.0 1.2650e-02 1.0 0.00e+00 0.0 0.0e+00 0.0e+00 0.0e+00  0  0  0  0  0   0  0  0  0  0     0

--- Event Stage 3: solve

MatMult                1 1.0 9.3531e-02 1.0 2.20e+08 1.0 0.0e+00 0.0e+00 0.0e+00  0  3  0  0  0   0  3  0  0  0  2347
MatSolve               1 1.0 8.0344e-01 1.0 2.82e+09 1.0 0.0e+00 0.0e+00 0.0e+00  0 44  0  0  0   0 44  0  0  0  3513
MatLUFactorSym         1 1.0 9.1824e-01 1.0 0.00e+00 0.0 0.0e+00 0.0e+00 0.0e+00  0  0  0  0  0   1  0  0  0  0     0
MatLUFactorNum         1 1.0 1.6999e+02 1.0 3.44e+09 1.0 0.0e+00 0.0e+00 0.0e+00 75 53  0  0  0  99 53  0  0  0    20
VecNorm                2 1.0 8.2470e-05 1.0 6.37e+05 1.0 0.0e+00 0.0e+00 0.0e+00  0  0  0  0  0   0  0  0  0  0  7720
VecCopy                1 1.0 1.0545e-04 1.0 0.00e+00 0.0 0.0e+00 0.0e+00 0.0e+00  0  0  0  0  0   0  0  0  0  0     0
VecAYPX                1 1.0 8.6868e-05 1.0 1.59e+05 1.0 0.0e+00 0.0e+00 0.0e+00  0  0  0  0  0   0  0  0  0  0  1832
KSPSetUp               1 1.0 3.9228e-07 1.0 0.00e+00 0.0 0.0e+00 0.0e+00 0.0e+00  0  0  0  0  0   0  0  0  0  0     0
KSPSolve               1 1.0 8.9750e-01 1.0 3.04e+09 1.0 0.0e+00 0.0e+00 0.0e+00  0 47  0  0  0   1 47  0  0  0  3391
PCSetUp                1 1.0 1.7091e+02 1.0 3.44e+09 1.0 0.0e+00 0.0e+00 0.0e+00 76 53  0  0  0  99 53  0  0  0    20
PCApply                1 1.0 8.0344e-01 1.0 2.82e+09 1.0 0.0e+00 0.0e+00 0.0e+00  0 44  0  0  0   0 44  0  0  0  3513

--- Event Stage 4: post

BuildTwoSided          1 1.0 2.7075e-06 1.0 0.00e+00 0.0 0.0e+00 0.0e+00 0.0e+00  0  0  0  0  0   0  0  0  0  0     0
VecScatterBegin        1 1.0 5.9647e-05 1.0 0.00e+00 0.0 0.0e+00 0.0e+00 0.0e+00  0  0  0  0  0   2  0  0  0  0     0
VecScatterEnd          1 1.0 1.5212e-06 1.0 0.00e+00 0.0 0.0e+00 0.0e+00 0.0e+00  0  0  0  0  0   0  0  0  0  0     0
SFSetGraph             1 1.0 1.1388e-03 1.0 0.00e+00 0.0 0.0e+00 0.0e+00 0.0e+00  0  0  0  0  0  29  0  0  0  0     0
SFSetUp                1 1.0 1.2230e-03 1.0 0.00e+00 0.0 0.0e+00 0.0e+00 0.0e+00  0  0  0  0  0  31  0  0  0  0     0
SFPack                 1 1.0 8.1845e-08 1.0 0.00e+00 0.0 0.0e+00 0.0e+00 0.0e+00  0  0  0  0  0   0  0  0  0  0     0
SFUnpack               1 1.0 1.2070e-07 1.0 0.00e+00 0.0 0.0e+00 0.0e+00 0.0e+00  0  0  0  0  0   0  0  0  0  0     0
------------------------------------------------------------------------------------------------------------------------

Object Type          Creations   Destructions. Reports information only for process 0.

--- Event Stage 0: Main Stage

              Matrix     0              1
              Viewer     1              0

--- Event Stage 1: init

              Matrix     1              0
              Vector     2              0

--- Event Stage 2: build

              Matrix     1              0
              Vector     2              1

--- Event Stage 3: solve

              Matrix     3              2
              Vector     1              1
       Krylov Solver     1              0
      Preconditioner     1              0

--- Event Stage 4: post

              Vector     2              2
           Index Set     1              1
   Star Forest Graph     1              1

--- Event Stage 5: PCMPI

========================================================================================================================
Average time to get PetscTime(): 1.22354e-08
#PETSc Option Table entries:
-log_view # (source: command line)
-progress # (source: command line)
#End of PETSc Option Table entries
Compiled without FORTRAN kernels
Compiled with full precision matrices (default)
sizeof(short) 2 sizeof(int) 4 sizeof(long) 8 sizeof(void*) 8 sizeof(PetscScalar) 8 sizeof(PetscInt) 4
Configure options: --download-eigen --download-hdf5 --download-hypre --download-metis --download-mumps --download-parmetis --download-scalapack --download-slepc --with-64-bit-indices=no --with-avx512-kernels=1 --with-debugging=no --with-precision=double --with-scalar-type=real --with-x=0 COPTFLAGS=-O3 CXXOPTFLAGS=-O3 FOPTFLAGS=-O3
-----------------------------------------
Libraries compiled on 2023-10-16 11:41:24 on LIN54Z7SQ3 
Machine characteristics: Linux-6.2.0-34-generic-x86_64-with-glibc2.35
Using PETSc directory: /home/jtheler/libs/petsc-3.20.0
Using PETSc arch: gcc-gfortran-intelmpi
-----------------------------------------

Using C compiler: mpicc  -fPIC -Wall -Wwrite-strings -Wno-unknown-pragmas -Wno-lto-type-mismatch -Wno-stringop-overflow -fstack-protector -fvisibility=hidden -O3  
Using Fortran compiler: mpif90  -fPIC -Wall -ffree-line-length-none -ffree-line-length-0 -Wno-lto-type-mismatch -Wno-unused-dummy-argument -O3    
-----------------------------------------

Using include paths: -I/home/jtheler/libs/petsc-3.20.0/include -I/home/jtheler/libs/petsc-3.20.0/gcc-gfortran-intelmpi/include -I/home/jtheler/libs/petsc-3.20.0/gcc-gfortran-intelmpi/include/eigen3
-----------------------------------------

Using C linker: mpicc
Using Fortran linker: mpif90
Using libraries: -Wl,-rpath,/home/jtheler/libs/petsc-3.20.0/gcc-gfortran-intelmpi/lib -L/home/jtheler/libs/petsc-3.20.0/gcc-gfortran-intelmpi/lib -lpetsc -Wl,-rpath,/home/jtheler/libs/petsc-3.20.0/gcc-gfortran-intelmpi/lib -L/home/jtheler/libs/petsc-3.20.0/gcc-gfortran-intelmpi/lib -lHYPRE -ldmumps -lmumps_common -lpord -lpthread -lscalapack -llapack -lblas -lparmetis -lmetis -lhdf5_hl -lhdf5 -lm -lgfortran -lstdc++ -lquadmath
-----------------------------------------

