....................................................................................................
size = 159168	time = 282.2 s	 memory = 27.5 Gb
[0/4 LIN54Z7SQ3] local memory = 7.7 Gb
[1/4 LIN54Z7SQ3] local memory = 6.9 Gb
[2/4 LIN54Z7SQ3] local memory = 6.1 Gb
[3/4 LIN54Z7SQ3] local memory = 6.8 Gb
****************************************************************************************************************************************************************
***                                WIDEN YOUR WINDOW TO 160 CHARACTERS.  Use 'enscript -r -fCourier9' to print this document                                 ***
****************************************************************************************************************************************************************

------------------------------------------------------------------ PETSc Performance Summary: ------------------------------------------------------------------

feenox on a gcc-gfortran-intelmpi named LIN54Z7SQ3 with 4 processors, by jtheler Tue Oct 24 23:48:20 2023
Using Petsc Release Version 3.20.0, Sep 28, 2023 

                         Max       Max/Min     Avg       Total
Time (sec):           2.816e+02     1.000   2.816e+02
Objects:              0.000e+00     0.000   0.000e+00
Flops:                9.846e+10     1.349   8.706e+10  3.482e+11
Flops/sec:            3.497e+08     1.349   3.092e+08  1.237e+09
MPI Msg Count:        7.500e+02     1.005   7.470e+02  2.988e+03
MPI Msg Len (bytes):  1.675e+09     1.359   2.047e+06  6.116e+09
MPI Reductions:       5.410e+02     1.000

Flop counting convention: 1 flop = 1 real number operation of type (multiply/divide/add/subtract)
                            e.g., VecAXPY() for real vectors of length N --> 2N flops
                            and VecAXPY() for complex vectors of length N --> 8N flops

Summary of Stages:   ----- Time ------  ----- Flop ------  --- Messages ---  -- Message Lengths --  -- Reductions --
                        Avg     %Total     Avg     %Total    Count   %Total     Avg         %Total    Count   %Total
 0:      Main Stage: 3.2261e-01   0.1%  0.0000e+00   0.0%  1.200e+01   0.4%  2.051e+03        0.0%  3.000e+00   0.6%
 1:            init: 5.1107e-03   0.0%  0.0000e+00   0.0%  0.000e+00   0.0%  0.000e+00        0.0%  4.000e+00   0.7%
 2:           build: 9.4863e+01  33.7%  0.0000e+00   0.0%  1.440e+02   4.8%  3.898e+07       91.8%  3.100e+01   5.7%
 3:           solve: 1.8637e+02  66.2%  3.4822e+11 100.0%  2.832e+03  94.8%  1.775e+05        8.2%  4.820e+02  89.1%
 4:            post: 1.2602e-02   0.0%  0.0000e+00   0.0%  0.000e+00   0.0%  0.000e+00        0.0%  3.000e+00   0.6%

------------------------------------------------------------------------------------------------------------------------
See the 'Profiling' chapter of the users' manual for details on interpreting output.
Phase summary info:
   Count: number of times phase was executed
   Time and Flop: Max - maximum over all processors
                  Ratio - ratio of maximum to minimum over all processors
   Mess: number of messages sent
   AvgLen: average message length (bytes)
   Reduct: number of global reductions
   Global: entire computation
   Stage: stages of a computation. Set stages with PetscLogStagePush() and PetscLogStagePop().
      %T - percent time in this phase         %F - percent flop in this phase
      %M - percent messages in this phase     %L - percent message lengths in this phase
      %R - percent reductions in this phase
   Total Mflop/s: 10e-6 * (sum of flop over all processors)/(max time over all processors)
------------------------------------------------------------------------------------------------------------------------
Event                Count      Time (sec)     Flop                              --- Global ---  --- Stage ----  Total
                   Max Ratio  Max     Ratio   Max  Ratio  Mess   AvgLen  Reduct  %T %F %M %L %R  %T %F %M %L %R Mflop/s
------------------------------------------------------------------------------------------------------------------------

--- Event Stage 0: Main Stage


--- Event Stage 1: init


--- Event Stage 2: build

BuildTwoSided         13 1.0 3.4277e+01 3.2 0.00e+00 0.0 7.2e+01 4.0e+00 1.3e+01  9  0  2  0  2  27  0 50  0 42     0
BuildTwoSidedF         7 1.0 3.4199e+01 3.2 0.00e+00 0.0 4.8e+01 1.2e+08 7.0e+00  9  0  2 92  1  27  0 33 100 23     0
MatConvert             2 1.0 3.2375e-01 1.8 0.00e+00 0.0 4.8e+01 6.0e+04 2.0e+00  0  0  2  0  0   0  0 33  0  6     0
MatAssemblyBegin       4 1.0 2.9514e+01 1.6 0.00e+00 0.0 4.8e+01 1.2e+08 4.0e+00  9  0  2 92  1  26  0 33 100 13     0
MatAssemblyEnd         4 1.0 4.6962e+01 1.3 0.00e+00 0.0 4.8e+01 6.0e+04 1.8e+01 15  0  2  0  3  44  0 33  0 58     0
MatSetValues     106876326 1.3 5.0508e+01 1.8 0.00e+00 0.0 0.0e+00 0.0e+00 0.0e+00 13  0  0  0  0  39  0  0  0  0     0
MatZeroEntries         2 1.0 3.0349e-06 8.2 0.00e+00 0.0 0.0e+00 0.0e+00 0.0e+00  0  0  0  0  0   0  0  0  0  0     0
VecAssemblyBegin       1 1.0 2.2388e-05 1.0 0.00e+00 0.0 0.0e+00 0.0e+00 1.0e+00  0  0  0  0  0   0  0  0  0  3     0
VecAssemblyEnd         1 1.0 3.2593e-06 1.4 0.00e+00 0.0 0.0e+00 0.0e+00 0.0e+00  0  0  0  0  0   0  0  0  0  0     0
SFSetGraph             6 1.0 3.3757e-03 3.3 0.00e+00 0.0 0.0e+00 0.0e+00 0.0e+00  0  0  0  0  0   0  0  0  0  0     0
SFSetUp                6 1.0 8.3322e-02 15.2 0.00e+00 0.0 9.6e+01 6.0e+04 6.0e+00  0  0  3  0  1   0  0 67  0 19     0
SFReduceBegin          2 1.0 1.7675e-05 2.1 0.00e+00 0.0 0.0e+00 0.0e+00 0.0e+00  0  0  0  0  0   0  0  0  0  0     0
SFReduceEnd            2 1.0 1.7626e-06 1.6 0.00e+00 0.0 0.0e+00 0.0e+00 0.0e+00  0  0  0  0  0   0  0  0  0  0     0
SFPack                 2 1.0 4.6503e-07 2.5 0.00e+00 0.0 0.0e+00 0.0e+00 0.0e+00  0  0  0  0  0   0  0  0  0  0     0
SFUnpack               2 1.0 3.3648e-07 1.9 0.00e+00 0.0 0.0e+00 0.0e+00 0.0e+00  0  0  0  0  0   0  0  0  0  0     0

--- Event Stage 3: solve

BuildTwoSided          7 1.0 1.6590e+00 9032.4 0.00e+00 0.0 6.0e+01 4.0e+00 7.0e+00  0  0  2  0  1   1  0  2  0  1     0
BuildTwoSidedF         2 1.0 1.6441e+00 48795.9 0.00e+00 0.0 0.0e+00 0.0e+00 2.0e+00  0  0  0  0  0   1  0  0  0  0     0
MatMult              111 1.0 5.6746e+01 1.0 9.68e+10 1.4 2.7e+03 1.8e+05 2.3e+02 20 98 92  8 42  30 98 97 99 47  6027
MatSolve             111 1.0 5.4286e+01 1.0 9.13e+10 1.4 1.4e+03 1.2e+05 1.2e+02 19 91 47  3 21  29 91 50 35 24  5851
MatLUFactorSym         1 1.0 5.7136e-01 1.0 0.00e+00 0.0 0.0e+00 0.0e+00 2.0e+00  0  0  0  0  0   0  0  0  0  0     0
MatLUFactorNum         1 1.0 1.2500e+02 1.0 1.06e+09 1.3 0.0e+00 0.0e+00 0.0e+00 44  1  0  0  0  67  1  0  0  0    30
MatConvert             2 1.0 3.2439e-01 1.8 0.00e+00 0.0 4.8e+01 6.0e+04 2.0e+00  0  0  2  0  0   0  0  2  1  0     0
MatAssemblyBegin       2 1.0 1.6441e+00 20265.2 0.00e+00 0.0 0.0e+00 0.0e+00 2.0e+00  0  0  0  0  0   1  0  0  0  0     0
MatAssemblyEnd         2 1.0 6.7100e-01 1.0 0.00e+00 0.0 4.8e+01 6.0e+04 1.0e+01  0  0  2  0  2   0  0  2  1  2     0
MatSetValues      159168 1.0 2.5055e+00 2.0 6.44e+07 1.3 0.0e+00 0.0e+00 0.0e+00  1  0  0  0  0   1  0  0  0  0    88
MatGetValues          12 1.0 5.7312e-06 1.3 0.00e+00 0.0 0.0e+00 0.0e+00 0.0e+00  0  0  0  0  0   0  0  0  0  0     0
MatGetRow         159168 1.0 2.2297e-01 2.3 0.00e+00 0.0 0.0e+00 0.0e+00 0.0e+00  0  0  0  0  0   0  0  0  0  0     0
MatAXPY                2 1.0 3.7629e+00 1.0 6.44e+07 1.3 4.8e+01 6.0e+04 1.2e+01  1  0  2  0  2   2  0  2  1  2    58
VecCopy                2 1.0 5.8233e-05 1.5 0.00e+00 0.0 0.0e+00 0.0e+00 0.0e+00  0  0  0  0  0   0  0  0  0  0     0
VecScatterBegin      333 1.0 4.0554e-02 1.5 0.00e+00 0.0 2.7e+03 1.9e+05 1.1e+02  0  0 89  8 21   0  0 94 99 23     0
VecScatterEnd        333 1.0 1.9414e+00 290.9 0.00e+00 0.0 0.0e+00 0.0e+00 0.0e+00  0  0  0  0  0   0  0  0  0  0     0
VecSetRandom           1 1.0 8.0444e-04 1.5 0.00e+00 0.0 0.0e+00 0.0e+00 0.0e+00  0  0  0  0  0   0  0  0  0  0     0
SFSetGraph             5 1.0 5.1997e-03 2.6 0.00e+00 0.0 0.0e+00 0.0e+00 0.0e+00  0  0  0  0  0   0  0  0  0  0     0
SFSetUp                6 1.0 1.7154e-02 2.7 0.00e+00 0.0 1.2e+02 5.2e+04 5.0e+00  0  0  4  0  1   0  0  4  1  1     0
SFPack               333 1.0 1.2582e-02 1.2 0.00e+00 0.0 0.0e+00 0.0e+00 0.0e+00  0  0  0  0  0   0  0  0  0  0     0
SFUnpack             333 1.0 3.3489e-03 1.6 0.00e+00 0.0 0.0e+00 0.0e+00 0.0e+00  0  0  0  0  0   0  0  0  0  0     0
EPSSetUp               1 1.0 1.2757e+02 1.0 1.08e+09 1.3 4.8e+01 6.0e+04 1.8e+01 45  1  2  0  3  68  1  2  1  4    30
EPSSolve               1 1.0 1.8440e+02 1.0 9.84e+10 1.3 2.8e+03 1.8e+05 4.7e+02 65 100 93  8 86  99 100 98 99 97  1888
STSetUp                1 1.0 1.2757e+02 1.0 1.08e+09 1.3 4.8e+01 6.0e+04 1.1e+01 45  1  2  0  2  68  1  2  1  2    30
STComputeOperatr       2 1.0 3.9448e+00 1.0 6.44e+07 1.3 9.6e+01 6.0e+04 1.4e+01  1  0  3  0  3   2  0  3  1  3    56
STApply              111 1.0 5.6746e+01 1.0 9.68e+10 1.4 2.7e+03 1.8e+05 2.3e+02 20 98 92  8 42  30 98 97 99 47  6027
STMatSolve           111 1.0 5.4288e+01 1.0 9.13e+10 1.4 1.4e+03 1.2e+05 2.3e+02 19 91 47  3 42  29 91 50 35 47  5851
KSPSetUp               1 1.0 5.1215e-07 1.7 0.00e+00 0.0 0.0e+00 0.0e+00 0.0e+00  0  0  0  0  0   0  0  0  0  0     0
KSPSolve             111 1.0 5.4287e+01 1.0 9.13e+10 1.4 1.4e+03 1.2e+05 2.3e+02 19 91 47  3 42  29 91 50 35 47  5851
PCSetUp                1 1.0 1.2557e+02 1.0 1.06e+09 1.3 0.0e+00 0.0e+00 4.0e+00 45  1  0  0  1  67  1  0  0  1    30
PCApply              111 1.0 5.4286e+01 1.0 9.13e+10 1.4 1.4e+03 1.2e+05 1.2e+02 19 91 47  3 21  29 91 50 35 24  5851
BVCopy                13 1.0 4.0005e-04 2.4 0.00e+00 0.0 0.0e+00 0.0e+00 0.0e+00  0  0  0  0  0   0  0  0  0  0     0
BVMultVec            223 1.0 3.2340e-02 1.0 2.11e+08 1.0 0.0e+00 0.0e+00 0.0e+00  0  0  0  0  0   0  0  0  0  0 26114
BVMultInPlace         14 1.0 1.2505e-02 2.4 1.25e+08 1.0 0.0e+00 0.0e+00 0.0e+00  0  0  0  0  0   0  0  0  0  0 39941
BVDotVec             223 1.0 5.2625e-02 1.2 2.29e+08 1.0 0.0e+00 0.0e+00 2.2e+02  0  0  0  0 41   0  0  0  0 46 17397
BVOrthogonalizeV     113 1.0 8.3879e-02 1.1 4.40e+08 1.0 0.0e+00 0.0e+00 2.2e+02  0  1  0  0 41   0  1  0  0 46 20988
BVScale              112 1.0 1.4910e-03 1.3 4.46e+06 1.0 0.0e+00 0.0e+00 0.0e+00  0  0  0  0  0   0  0  0  0  0 11956
BVNormVec              1 1.0 8.1696e-05 1.0 7.96e+04 1.0 0.0e+00 0.0e+00 1.0e+00  0  0  0  0  0   0  0  0  0  0  3897
BVSetRandom            1 1.0 8.0592e-04 1.5 0.00e+00 0.0 0.0e+00 0.0e+00 0.0e+00  0  0  0  0  0   0  0  0  0  0     0
BVMatMultVec         111 1.0 5.6746e+01 1.0 9.68e+10 1.4 2.7e+03 1.8e+05 2.3e+02 20 98 92  8 42  30 98 97 99 47  6027
DSSolve               13 1.0 7.6627e-04 1.4 0.00e+00 0.0 0.0e+00 0.0e+00 0.0e+00  0  0  0  0  0   0  0  0  0  0     0
DSVectors             15 1.0 6.8959e-05 1.2 0.00e+00 0.0 0.0e+00 0.0e+00 0.0e+00  0  0  0  0  0   0  0  0  0  0     0
DSOther               39 1.0 2.2225e-04 1.5 0.00e+00 0.0 0.0e+00 0.0e+00 0.0e+00  0  0  0  0  0   0  0  0  0  0     0

--- Event Stage 4: post

VecScatterBegin        1 1.0 6.5121e-05 1.1 0.00e+00 0.0 0.0e+00 0.0e+00 1.0e+00  0  0  0  0  0   1  0  0  0 33     0
VecScatterEnd          1 1.0 9.2741e-05 1.2 0.00e+00 0.0 0.0e+00 0.0e+00 0.0e+00  0  0  0  0  0   1  0  0  0  0     0
SFSetUp                1 1.0 3.2490e-07 2.8 0.00e+00 0.0 0.0e+00 0.0e+00 0.0e+00  0  0  0  0  0   0  0  0  0  0     0
SFPack                 1 1.0 3.7037e-07 1.8 0.00e+00 0.0 0.0e+00 0.0e+00 0.0e+00  0  0  0  0  0   0  0  0  0  0     0
SFUnpack               1 1.0 2.2156e-07 1.9 0.00e+00 0.0 0.0e+00 0.0e+00 0.0e+00  0  0  0  0  0   0  0  0  0  0     0
------------------------------------------------------------------------------------------------------------------------

Object Type          Creations   Destructions. Reports information only for process 0.

--- Event Stage 0: Main Stage

           Container     0              1
              Matrix     0             25
              Vector     0             13
   Star Forest Graph     0              7
          EPS Solver     0              1
  Spectral Transform     0              1
       Krylov Solver     0              1
      Preconditioner     0              1
       Basis Vectors     0              1
              Region     0              1
       Direct Solver     0              1
         PetscRandom     0              1
              Viewer     1              0

--- Event Stage 1: init

              Matrix     6              0
              Vector     1              0

--- Event Stage 2: build

              Matrix     6              0
              Vector     6              2
           Index Set     4              4
   Star Forest Graph     6              2

--- Event Stage 3: solve

           Container     1              0
              Matrix    28             15
              Vector    17              8
           Index Set     7              7
   Star Forest Graph     6              3
          EPS Solver     1              0
  Spectral Transform     1              0
       Krylov Solver     1              0
      Preconditioner     1              0
       Basis Vectors     1              0
              Region     1              0
       Direct Solver     1              0
         PetscRandom     1              0

--- Event Stage 4: post

              Vector     1              1
           Index Set     1              1
   Star Forest Graph     1              1

--- Event Stage 5: PCMPI

========================================================================================================================
Average time to get PetscTime(): 1.3434e-08
Average time for MPI_Barrier(): 4.19609e-06
Average time for zero size MPI_Send(): 1.37711e-06
#PETSc Option Table entries:
-log_view # (source: command line)
-progress # (source: command line)
#End of PETSc Option Table entries
Compiled without FORTRAN kernels
Compiled with full precision matrices (default)
sizeof(short) 2 sizeof(int) 4 sizeof(long) 8 sizeof(void*) 8 sizeof(PetscScalar) 8 sizeof(PetscInt) 4
Configure options: --download-eigen --download-hdf5 --download-hypre --download-metis --download-mumps --download-parmetis --download-scalapack --download-slepc --with-64-bit-indices=no --with-avx512-kernels=1 --with-debugging=no --with-precision=double --with-scalar-type=real --with-x=0 COPTFLAGS=-O3 CXXOPTFLAGS=-O3 FOPTFLAGS=-O3
-----------------------------------------
Libraries compiled on 2023-10-16 11:41:24 on LIN54Z7SQ3 
Machine characteristics: Linux-6.2.0-34-generic-x86_64-with-glibc2.35
Using PETSc directory: /home/jtheler/libs/petsc-3.20.0
Using PETSc arch: gcc-gfortran-intelmpi
-----------------------------------------

Using C compiler: mpicc  -fPIC -Wall -Wwrite-strings -Wno-unknown-pragmas -Wno-lto-type-mismatch -Wno-stringop-overflow -fstack-protector -fvisibility=hidden -O3  
Using Fortran compiler: mpif90  -fPIC -Wall -ffree-line-length-none -ffree-line-length-0 -Wno-lto-type-mismatch -Wno-unused-dummy-argument -O3    
-----------------------------------------

Using include paths: -I/home/jtheler/libs/petsc-3.20.0/include -I/home/jtheler/libs/petsc-3.20.0/gcc-gfortran-intelmpi/include -I/home/jtheler/libs/petsc-3.20.0/gcc-gfortran-intelmpi/include/eigen3
-----------------------------------------

Using C linker: mpicc
Using Fortran linker: mpif90
Using libraries: -Wl,-rpath,/home/jtheler/libs/petsc-3.20.0/gcc-gfortran-intelmpi/lib -L/home/jtheler/libs/petsc-3.20.0/gcc-gfortran-intelmpi/lib -lpetsc -Wl,-rpath,/home/jtheler/libs/petsc-3.20.0/gcc-gfortran-intelmpi/lib -L/home/jtheler/libs/petsc-3.20.0/gcc-gfortran-intelmpi/lib -lHYPRE -ldmumps -lmumps_common -lpord -lpthread -lscalapack -llapack -lblas -lparmetis -lmetis -lhdf5_hl -lhdf5 -lm -lgfortran -lstdc++ -lquadmath
-----------------------------------------

