....................................................................................................
size = 159168	time = 337.8 s	 memory = 25.1 Gb
[0/2 LIN54Z7SQ3] local memory = 12.5 Gb
[1/2 LIN54Z7SQ3] local memory = 12.5 Gb
****************************************************************************************************************************************************************
***                                WIDEN YOUR WINDOW TO 160 CHARACTERS.  Use 'enscript -r -fCourier9' to print this document                                 ***
****************************************************************************************************************************************************************

------------------------------------------------------------------ PETSc Performance Summary: ------------------------------------------------------------------

feenox on a gcc-gfortran-intelmpi named LIN54Z7SQ3 with 2 processors, by jtheler Tue Oct 24 23:43:38 2023
Using Petsc Release Version 3.20.0, Sep 28, 2023 

                         Max       Max/Min     Avg       Total
Time (sec):           3.370e+02     1.000   3.370e+02
Objects:              0.000e+00     0.000   0.000e+00
Flops:                2.058e+11     1.393   1.768e+11  3.536e+11
Flops/sec:            6.107e+08     1.392   5.247e+08  1.049e+09
MPI Msg Count:        2.520e+02     1.000   2.520e+02  5.040e+02
MPI Msg Len (bytes):  1.463e+09     1.000   5.807e+06  2.927e+09
MPI Reductions:       5.410e+02     1.000

Flop counting convention: 1 flop = 1 real number operation of type (multiply/divide/add/subtract)
                            e.g., VecAXPY() for real vectors of length N --> 2N flops
                            and VecAXPY() for complex vectors of length N --> 8N flops

Summary of Stages:   ----- Time ------  ----- Flop ------  --- Messages ---  -- Message Lengths --  -- Reductions --
                        Avg     %Total     Avg     %Total    Count   %Total     Avg         %Total    Count   %Total
 0:      Main Stage: 3.7655e-01   0.1%  0.0000e+00   0.0%  4.000e+00   0.8%  2.051e+03        0.0%  3.000e+00   0.6%
 1:            init: 1.7320e-03   0.0%  0.0000e+00   0.0%  0.000e+00   0.0%  0.000e+00        0.0%  4.000e+00   0.7%
 2:           build: 1.2889e+02  38.2%  0.0000e+00   0.0%  2.400e+01   4.8%  1.102e+08       90.3%  3.100e+01   5.7%
 3:           solve: 2.0771e+02  61.6%  3.5362e+11 100.0%  4.760e+02  94.4%  5.940e+05        9.7%  4.820e+02  89.1%
 4:            post: 9.9903e-03   0.0%  0.0000e+00   0.0%  0.000e+00   0.0%  0.000e+00        0.0%  3.000e+00   0.6%

------------------------------------------------------------------------------------------------------------------------
See the 'Profiling' chapter of the users' manual for details on interpreting output.
Phase summary info:
   Count: number of times phase was executed
   Time and Flop: Max - maximum over all processors
                  Ratio - ratio of maximum to minimum over all processors
   Mess: number of messages sent
   AvgLen: average message length (bytes)
   Reduct: number of global reductions
   Global: entire computation
   Stage: stages of a computation. Set stages with PetscLogStagePush() and PetscLogStagePop().
      %T - percent time in this phase         %F - percent flop in this phase
      %M - percent messages in this phase     %L - percent message lengths in this phase
      %R - percent reductions in this phase
   Total Mflop/s: 10e-6 * (sum of flop over all processors)/(max time over all processors)
------------------------------------------------------------------------------------------------------------------------
Event                Count      Time (sec)     Flop                              --- Global ---  --- Stage ----  Total
                   Max Ratio  Max     Ratio   Max  Ratio  Mess   AvgLen  Reduct  %T %F %M %L %R  %T %F %M %L %R Mflop/s
------------------------------------------------------------------------------------------------------------------------

--- Event Stage 0: Main Stage


--- Event Stage 1: init


--- Event Stage 2: build

BuildTwoSided         13 1.0 3.2057e+00 1.1 0.00e+00 0.0 1.2e+01 4.0e+00 1.3e+01  1  0  2  0  2   2  0 50  0 42     0
BuildTwoSidedF         7 1.0 3.2058e+00 1.1 0.00e+00 0.0 8.0e+00 3.3e+08 7.0e+00  1  0  2 90  1   2  0 33 100 23     0
MatConvert             2 1.0 3.9435e-01 1.3 0.00e+00 0.0 8.0e+00 1.6e+05 2.0e+00  0  0  2  0  0   0  0 33  0  6     0
MatAssemblyBegin       4 1.0 1.6980e+01 1.0 0.00e+00 0.0 8.0e+00 3.3e+08 4.0e+00  5  0  2 90  1  13  0 33 100 13     0
MatAssemblyEnd         4 1.0 2.5715e+01 1.0 0.00e+00 0.0 8.0e+00 1.6e+05 1.8e+01  8  0  2  0  3  20  0 33  0 58     0
MatSetValues     86073420 1.1 1.0182e+02 1.4 0.00e+00 0.0 0.0e+00 0.0e+00 0.0e+00 26  0  0  0  0  68  0  0  0  0     0
MatZeroEntries         2 1.0 5.8160e-07 1.8 0.00e+00 0.0 0.0e+00 0.0e+00 0.0e+00  0  0  0  0  0   0  0  0  0  0     0
VecAssemblyBegin       1 1.0 1.6559e-05 1.1 0.00e+00 0.0 0.0e+00 0.0e+00 1.0e+00  0  0  0  0  0   0  0  0  0  3     0
VecAssemblyEnd         1 1.0 2.4227e-06 1.0 0.00e+00 0.0 0.0e+00 0.0e+00 0.0e+00  0  0  0  0  0   0  0  0  0  0     0
SFSetGraph             6 1.0 1.2868e-03 1.0 0.00e+00 0.0 0.0e+00 0.0e+00 0.0e+00  0  0  0  0  0   0  0  0  0  0     0
SFSetUp                6 1.0 4.4726e-02 16.7 0.00e+00 0.0 1.6e+01 1.6e+05 6.0e+00  0  0  3  0  1   0  0 67  0 19     0
SFReduceBegin          2 1.0 1.6997e-05 1.2 0.00e+00 0.0 0.0e+00 0.0e+00 0.0e+00  0  0  0  0  0   0  0  0  0  0     0
SFReduceEnd            2 1.0 1.7378e-06 1.6 0.00e+00 0.0 0.0e+00 0.0e+00 0.0e+00  0  0  0  0  0   0  0  0  0  0     0
SFPack                 2 1.0 5.1918e-07 1.9 0.00e+00 0.0 0.0e+00 0.0e+00 0.0e+00  0  0  0  0  0   0  0  0  0  0     0
SFUnpack               2 1.0 4.4354e-07 2.1 0.00e+00 0.0 0.0e+00 0.0e+00 0.0e+00  0  0  0  0  0   0  0  0  0  0     0

--- Event Stage 3: solve

BuildTwoSided          7 1.0 1.0325e+00 5049.1 0.00e+00 0.0 1.0e+01 4.0e+00 7.0e+00  0  0  2  0  1   0  0  2  0  1     0
BuildTwoSidedF         2 1.0 1.0270e+00 65218.9 0.00e+00 0.0 0.0e+00 0.0e+00 2.0e+00  0  0  0  0  0   0  0  0  0  0     0
MatMult              111 1.0 7.1371e+01 1.0 2.03e+11 1.4 4.6e+02 6.1e+05 2.3e+02 21 98 91 10 42  34 98 97 99 47  4870
MatSolve             111 1.0 6.7298e+01 1.0 1.89e+11 1.4 2.4e+02 5.9e+05 1.2e+02 20 91 47  5 21  32 91 50 50 24  4803
MatLUFactorSym         1 1.0 6.9553e-01 1.0 0.00e+00 0.0 0.0e+00 0.0e+00 2.0e+00  0  0  0  0  0   0  0  0  0  0     0
MatLUFactorNum         1 1.0 1.3099e+02 1.0 1.96e+09 1.2 0.0e+00 0.0e+00 0.0e+00 39  1  0  0  0  63  1  0  0  0    27
MatConvert             2 1.0 3.9148e-01 1.2 0.00e+00 0.0 8.0e+00 1.6e+05 2.0e+00  0  0  2  0  0   0  0  2  0  0     0
MatAssemblyBegin       2 1.0 1.0271e+00 29320.6 0.00e+00 0.0 0.0e+00 0.0e+00 2.0e+00  0  0  0  0  0   0  0  0  0  0     0
MatAssemblyEnd         2 1.0 4.2808e-01 1.0 0.00e+00 0.0 8.0e+00 1.6e+05 1.0e+01  0  0  2  0  2   0  0  2  0  2     0
MatSetValues      318336 1.0 3.2343e+00 1.4 1.22e+08 1.2 0.0e+00 0.0e+00 0.0e+00  1  0  0  0  0   1  0  0  0  0    68
MatGetValues          12 1.0 5.2765e-06 1.1 0.00e+00 0.0 0.0e+00 0.0e+00 0.0e+00  0  0  0  0  0   0  0  0  0  0     0
MatGetRow         318336 1.0 2.6604e-01 1.3 0.00e+00 0.0 0.0e+00 0.0e+00 0.0e+00  0  0  0  0  0   0  0  0  0  0     0
MatAXPY                2 1.0 4.1895e+00 1.0 1.22e+08 1.2 8.0e+00 1.6e+05 1.2e+01  1  0  2  0  2   2  0  2  0  2    52
VecCopy                2 1.0 9.0489e-05 1.1 0.00e+00 0.0 0.0e+00 0.0e+00 0.0e+00  0  0  0  0  0   0  0  0  0  0     0
VecScatterBegin      333 1.0 4.1546e-02 1.9 0.00e+00 0.0 4.4e+02 6.3e+05 1.1e+02  0  0 88 10 21   0  0 93 99 23     0
VecScatterEnd        333 1.0 1.5249e+00 443.7 0.00e+00 0.0 0.0e+00 0.0e+00 0.0e+00  0  0  0  0  0   0  0  0  0  0     0
VecSetRandom           1 1.0 1.0762e-03 1.0 0.00e+00 0.0 0.0e+00 0.0e+00 0.0e+00  0  0  0  0  0   0  0  0  0  0     0
SFSetGraph             5 1.0 2.9711e-03 1.1 0.00e+00 0.0 0.0e+00 0.0e+00 0.0e+00  0  0  0  0  0   0  0  0  0  0     0
SFSetUp                6 1.0 8.4340e-03 2.6 0.00e+00 0.0 2.0e+01 1.4e+05 5.0e+00  0  0  4  0  1   0  0  4  1  1     0
SFPack               333 1.0 1.0498e-02 3.2 0.00e+00 0.0 0.0e+00 0.0e+00 0.0e+00  0  0  0  0  0   0  0  0  0  0     0
SFUnpack             333 1.0 3.7248e-03 1.7 0.00e+00 0.0 0.0e+00 0.0e+00 0.0e+00  0  0  0  0  0   0  0  0  0  0     0
EPSSetUp               1 1.0 1.3396e+02 1.0 2.02e+09 1.2 8.0e+00 1.6e+05 1.8e+01 40  1  2  0  3  64  1  2  0  4    27
EPSSolve               1 1.0 2.0546e+02 1.0 2.06e+11 1.4 4.7e+02 6.0e+05 4.7e+02 61 100 93 10 86  99 100 98 100 97  1721
STSetUp                1 1.0 1.3396e+02 1.0 2.02e+09 1.2 8.0e+00 1.6e+05 1.1e+01 40  1  2  0  2  64  1  2  0  2    27
STComputeOperatr       2 1.0 4.5073e+00 1.0 1.22e+08 1.2 1.6e+01 1.6e+05 1.4e+01  1  0  3  0  3   2  0  3  1  3    49
STApply              111 1.0 7.1370e+01 1.0 2.03e+11 1.4 4.6e+02 6.1e+05 2.3e+02 21 98 91 10 42  34 98 97 99 47  4870
STMatSolve           111 1.0 6.7304e+01 1.0 1.89e+11 1.4 2.4e+02 5.9e+05 2.3e+02 20 91 47  5 42  32 91 50 50 47  4802
KSPSetUp               1 1.0 4.2865e-07 1.4 0.00e+00 0.0 0.0e+00 0.0e+00 0.0e+00  0  0  0  0  0   0  0  0  0  0     0
KSPSolve             111 1.0 6.7304e+01 1.0 1.89e+11 1.4 2.4e+02 5.9e+05 2.3e+02 20 91 47  5 42  32 91 50 50 47  4802
PCSetUp                1 1.0 1.3168e+02 1.0 1.96e+09 1.2 0.0e+00 0.0e+00 4.0e+00 39  1  0  0  1  63  1  0  0  1    27
PCApply              111 1.0 6.7298e+01 1.0 1.89e+11 1.4 2.4e+02 5.9e+05 1.2e+02 20 91 47  5 21  32 91 50 50 24  4803
BVCopy                13 1.0 3.2871e-04 1.0 0.00e+00 0.0 0.0e+00 0.0e+00 0.0e+00  0  0  0  0  0   0  0  0  0  0     0
BVMultVec            223 1.0 5.1915e-02 1.0 4.22e+08 1.0 0.0e+00 0.0e+00 0.0e+00  0  0  0  0  0   0  0  0  0  0 16268
BVMultInPlace         14 1.0 1.0250e-02 1.0 2.50e+08 1.0 0.0e+00 0.0e+00 0.0e+00  0  0  0  0  0   0  0  0  0  0 48727
BVDotVec             223 1.0 6.2748e-02 1.0 4.58e+08 1.0 0.0e+00 0.0e+00 2.2e+02  0  0  0  0 41   0  0  0  0 46 14591
BVOrthogonalizeV     113 1.0 1.1401e-01 1.0 8.80e+08 1.0 0.0e+00 0.0e+00 2.2e+02  0  0  0  0 41   0  0  0  0 46 15441
BVScale              112 1.0 2.5931e-03 1.0 8.91e+06 1.0 0.0e+00 0.0e+00 0.0e+00  0  0  0  0  0   0  0  0  0  0  6875
BVNormVec              1 1.0 8.8773e-05 1.0 1.59e+05 1.0 0.0e+00 0.0e+00 1.0e+00  0  0  0  0  0   0  0  0  0  0  3586
BVSetRandom            1 1.0 1.0773e-03 1.0 0.00e+00 0.0 0.0e+00 0.0e+00 0.0e+00  0  0  0  0  0   0  0  0  0  0     0
BVMatMultVec         111 1.0 7.1371e+01 1.0 2.03e+11 1.4 4.6e+02 6.1e+05 2.3e+02 21 98 91 10 42  34 98 97 99 47  4870
DSSolve               13 1.0 6.0196e-04 1.2 0.00e+00 0.0 0.0e+00 0.0e+00 0.0e+00  0  0  0  0  0   0  0  0  0  0     0
DSVectors             15 1.0 6.5662e-05 1.1 0.00e+00 0.0 0.0e+00 0.0e+00 0.0e+00  0  0  0  0  0   0  0  0  0  0     0
DSOther               39 1.0 1.9888e-04 1.4 0.00e+00 0.0 0.0e+00 0.0e+00 0.0e+00  0  0  0  0  0   0  0  0  0  0     0

--- Event Stage 4: post

VecScatterBegin        1 1.0 8.2780e-05 1.1 0.00e+00 0.0 0.0e+00 0.0e+00 1.0e+00  0  0  0  0  0   1  0  0  0 33     0
VecScatterEnd          1 1.0 3.9517e-05 1.2 0.00e+00 0.0 0.0e+00 0.0e+00 0.0e+00  0  0  0  0  0   0  0  0  0  0     0
SFSetUp                1 1.0 1.2938e-07 1.1 0.00e+00 0.0 0.0e+00 0.0e+00 0.0e+00  0  0  0  0  0   0  0  0  0  0     0
SFPack                 1 1.0 6.1425e-07 1.4 0.00e+00 0.0 0.0e+00 0.0e+00 0.0e+00  0  0  0  0  0   0  0  0  0  0     0
SFUnpack               1 1.0 2.6951e-07 1.5 0.00e+00 0.0 0.0e+00 0.0e+00 0.0e+00  0  0  0  0  0   0  0  0  0  0     0
------------------------------------------------------------------------------------------------------------------------

Object Type          Creations   Destructions. Reports information only for process 0.

--- Event Stage 0: Main Stage

           Container     0              1
              Matrix     0             25
              Vector     0             13
   Star Forest Graph     0              7
          EPS Solver     0              1
  Spectral Transform     0              1
       Krylov Solver     0              1
      Preconditioner     0              1
       Basis Vectors     0              1
              Region     0              1
       Direct Solver     0              1
         PetscRandom     0              1
              Viewer     1              0

--- Event Stage 1: init

              Matrix     6              0
              Vector     1              0

--- Event Stage 2: build

              Matrix     6              0
              Vector     6              2
           Index Set     4              4
   Star Forest Graph     6              2

--- Event Stage 3: solve

           Container     1              0
              Matrix    28             15
              Vector    17              8
           Index Set     7              7
   Star Forest Graph     6              3
          EPS Solver     1              0
  Spectral Transform     1              0
       Krylov Solver     1              0
      Preconditioner     1              0
       Basis Vectors     1              0
              Region     1              0
       Direct Solver     1              0
         PetscRandom     1              0

--- Event Stage 4: post

              Vector     1              1
           Index Set     1              1
   Star Forest Graph     1              1

--- Event Stage 5: PCMPI

========================================================================================================================
Average time to get PetscTime(): 1.38472e-08
Average time for MPI_Barrier(): 1.28191e-06
Average time for zero size MPI_Send(): 1.55712e-06
#PETSc Option Table entries:
-log_view # (source: command line)
-progress # (source: command line)
#End of PETSc Option Table entries
Compiled without FORTRAN kernels
Compiled with full precision matrices (default)
sizeof(short) 2 sizeof(int) 4 sizeof(long) 8 sizeof(void*) 8 sizeof(PetscScalar) 8 sizeof(PetscInt) 4
Configure options: --download-eigen --download-hdf5 --download-hypre --download-metis --download-mumps --download-parmetis --download-scalapack --download-slepc --with-64-bit-indices=no --with-avx512-kernels=1 --with-debugging=no --with-precision=double --with-scalar-type=real --with-x=0 COPTFLAGS=-O3 CXXOPTFLAGS=-O3 FOPTFLAGS=-O3
-----------------------------------------
Libraries compiled on 2023-10-16 11:41:24 on LIN54Z7SQ3 
Machine characteristics: Linux-6.2.0-34-generic-x86_64-with-glibc2.35
Using PETSc directory: /home/jtheler/libs/petsc-3.20.0
Using PETSc arch: gcc-gfortran-intelmpi
-----------------------------------------

Using C compiler: mpicc  -fPIC -Wall -Wwrite-strings -Wno-unknown-pragmas -Wno-lto-type-mismatch -Wno-stringop-overflow -fstack-protector -fvisibility=hidden -O3  
Using Fortran compiler: mpif90  -fPIC -Wall -ffree-line-length-none -ffree-line-length-0 -Wno-lto-type-mismatch -Wno-unused-dummy-argument -O3    
-----------------------------------------

Using include paths: -I/home/jtheler/libs/petsc-3.20.0/include -I/home/jtheler/libs/petsc-3.20.0/gcc-gfortran-intelmpi/include -I/home/jtheler/libs/petsc-3.20.0/gcc-gfortran-intelmpi/include/eigen3
-----------------------------------------

Using C linker: mpicc
Using Fortran linker: mpif90
Using libraries: -Wl,-rpath,/home/jtheler/libs/petsc-3.20.0/gcc-gfortran-intelmpi/lib -L/home/jtheler/libs/petsc-3.20.0/gcc-gfortran-intelmpi/lib -lpetsc -Wl,-rpath,/home/jtheler/libs/petsc-3.20.0/gcc-gfortran-intelmpi/lib -L/home/jtheler/libs/petsc-3.20.0/gcc-gfortran-intelmpi/lib -lHYPRE -ldmumps -lmumps_common -lpord -lpthread -lscalapack -llapack -lblas -lparmetis -lmetis -lhdf5_hl -lhdf5 -lm -lgfortran -lstdc++ -lquadmath
-----------------------------------------

