....................................................................................................
size = 159168	time = 386.2 s	 memory = 20.0 Gb
[0/1 LIN54Z7SQ3] local memory = 20.0 Gb
****************************************************************************************************************************************************************
***                                WIDEN YOUR WINDOW TO 160 CHARACTERS.  Use 'enscript -r -fCourier9' to print this document                                 ***
****************************************************************************************************************************************************************

------------------------------------------------------------------ PETSc Performance Summary: ------------------------------------------------------------------

feenox on a gcc-gfortran-intelmpi named LIN54Z7SQ3 with 1 processor, by jtheler Wed Oct 25 13:17:12 2023
Using Petsc Release Version 3.20.0, Sep 28, 2023 

                         Max       Max/Min     Avg       Total
Time (sec):           3.852e+02     1.000   3.852e+02
Objects:              0.000e+00     0.000   0.000e+00
Flops:                3.439e+11     1.000   3.439e+11  3.439e+11
Flops/sec:            8.928e+08     1.000   8.928e+08  8.928e+08
MPI Msg Count:        0.000e+00     0.000   0.000e+00  0.000e+00
MPI Msg Len (bytes):  0.000e+00     0.000   0.000e+00  0.000e+00
MPI Reductions:       0.000e+00     0.000

Flop counting convention: 1 flop = 1 real number operation of type (multiply/divide/add/subtract)
                            e.g., VecAXPY() for real vectors of length N --> 2N flops
                            and VecAXPY() for complex vectors of length N --> 8N flops

Summary of Stages:   ----- Time ------  ----- Flop ------  --- Messages ---  -- Message Lengths --  -- Reductions --
                        Avg     %Total     Avg     %Total    Count   %Total     Avg         %Total    Count   %Total
 0:      Main Stage: 4.0764e-01   0.1%  0.0000e+00   0.0%  0.000e+00   0.0%  0.000e+00        0.0%  0.000e+00   0.0%
 1:            init: 1.5250e-03   0.0%  0.0000e+00   0.0%  0.000e+00   0.0%  0.000e+00        0.0%  0.000e+00   0.0%
 2:           build: 1.1411e+02  29.6%  0.0000e+00   0.0%  0.000e+00   0.0%  0.000e+00        0.0%  0.000e+00   0.0%
 3:           solve: 2.7063e+02  70.3%  3.4386e+11 100.0%  0.000e+00   0.0%  0.000e+00        0.0%  0.000e+00   0.0%
 4:            post: 1.2583e-02   0.0%  0.0000e+00   0.0%  0.000e+00   0.0%  0.000e+00        0.0%  0.000e+00   0.0%

------------------------------------------------------------------------------------------------------------------------
See the 'Profiling' chapter of the users' manual for details on interpreting output.
Phase summary info:
   Count: number of times phase was executed
   Time and Flop: Max - maximum over all processors
                  Ratio - ratio of maximum to minimum over all processors
   Mess: number of messages sent
   AvgLen: average message length (bytes)
   Reduct: number of global reductions
   Global: entire computation
   Stage: stages of a computation. Set stages with PetscLogStagePush() and PetscLogStagePop().
      %T - percent time in this phase         %F - percent flop in this phase
      %M - percent messages in this phase     %L - percent message lengths in this phase
      %R - percent reductions in this phase
   Total Mflop/s: 10e-6 * (sum of flop over all processors)/(max time over all processors)
------------------------------------------------------------------------------------------------------------------------
Event                Count      Time (sec)     Flop                              --- Global ---  --- Stage ----  Total
                   Max Ratio  Max     Ratio   Max  Ratio  Mess   AvgLen  Reduct  %T %F %M %L %R  %T %F %M %L %R Mflop/s
------------------------------------------------------------------------------------------------------------------------

--- Event Stage 0: Main Stage


--- Event Stage 1: init


--- Event Stage 2: build

MatConvert             2 1.0 6.5537e-01 1.0 0.00e+00 0.0 0.0e+00 0.0e+00 0.0e+00  0  0  0  0  0   1  0  0  0  0     0
MatAssemblyBegin       2 1.0 2.1909e-07 1.0 0.00e+00 0.0 0.0e+00 0.0e+00 0.0e+00  0  0  0  0  0   0  0  0  0  0     0
MatAssemblyEnd         2 1.0 1.5509e+01 1.0 0.00e+00 0.0 0.0e+00 0.0e+00 0.0e+00  4  0  0  0  0  14  0  0  0  0     0
MatSetValues      354978 1.0 1.0272e+02 1.0 0.00e+00 0.0 0.0e+00 0.0e+00 0.0e+00 27  0  0  0  0  90  0  0  0  0     0
MatZeroEntries         2 1.0 5.2456e-07 1.0 0.00e+00 0.0 0.0e+00 0.0e+00 0.0e+00  0  0  0  0  0   0  0  0  0  0     0
VecAssemblyBegin       1 1.0 2.3024e-07 1.0 0.00e+00 0.0 0.0e+00 0.0e+00 0.0e+00  0  0  0  0  0   0  0  0  0  0     0
VecAssemblyEnd         1 1.0 9.0120e-08 1.0 0.00e+00 0.0 0.0e+00 0.0e+00 0.0e+00  0  0  0  0  0   0  0  0  0  0     0

--- Event Stage 3: solve

MatMult              111 1.0 1.0027e+02 1.0 3.38e+11 1.0 0.0e+00 0.0e+00 0.0e+00 26 98  0  0  0  37 98  0  0  0  3368
MatSolve             111 1.0 8.9847e+01 1.0 3.13e+11 1.0 0.0e+00 0.0e+00 0.0e+00 23 91  0  0  0  33 91  0  0  0  3487
MatLUFactorSym         1 1.0 9.2308e-01 1.0 0.00e+00 0.0 0.0e+00 0.0e+00 0.0e+00  0  0  0  0  0   0  0  0  0  0     0
MatLUFactorNum         1 1.0 1.6839e+02 1.0 3.44e+09 1.0 0.0e+00 0.0e+00 0.0e+00 44  1  0  0  0  62  1  0  0  0    20
MatConvert             2 1.0 6.5194e-01 1.0 0.00e+00 0.0 0.0e+00 0.0e+00 0.0e+00  0  0  0  0  0   0  0  0  0  0     0
MatGetValues          12 1.0 7.7507e-06 1.0 0.00e+00 0.0 0.0e+00 0.0e+00 0.0e+00  0  0  0  0  0   0  0  0  0  0     0
MatAXPY                2 1.0 1.7667e-01 1.0 4.39e+08 1.0 0.0e+00 0.0e+00 0.0e+00  0  0  0  0  0   0  0  0  0  0  2487
VecCopy              113 1.0 9.6483e-03 1.0 0.00e+00 0.0 0.0e+00 0.0e+00 0.0e+00  0  0  0  0  0   0  0  0  0  0     0
VecSetRandom           1 1.0 1.9863e-03 1.0 0.00e+00 0.0 0.0e+00 0.0e+00 0.0e+00  0  0  0  0  0   0  0  0  0  0     0
EPSSetUp               1 1.0 1.6975e+02 1.0 3.66e+09 1.0 0.0e+00 0.0e+00 0.0e+00 44  1  0  0  0  63  1  0  0  0    22
EPSSolve               1 1.0 2.7022e+02 1.0 3.44e+11 1.0 0.0e+00 0.0e+00 0.0e+00 70 100  0  0  0 100 100  0  0  0  1272
STSetUp                1 1.0 1.6975e+02 1.0 3.66e+09 1.0 0.0e+00 0.0e+00 0.0e+00 44  1  0  0  0  63  1  0  0  0    22
STComputeOperatr       2 1.0 8.2863e-01 1.0 4.39e+08 1.0 0.0e+00 0.0e+00 0.0e+00  0  0  0  0  0   0  0  0  0  0   530
STApply              111 1.0 1.0027e+02 1.0 3.38e+11 1.0 0.0e+00 0.0e+00 0.0e+00 26 98  0  0  0  37 98  0  0  0  3368
STMatSolve           111 1.0 8.9848e+01 1.0 3.13e+11 1.0 0.0e+00 0.0e+00 0.0e+00 23 91  0  0  0  33 91  0  0  0  3487
KSPSetUp               1 1.0 4.5099e-07 1.0 0.00e+00 0.0 0.0e+00 0.0e+00 0.0e+00  0  0  0  0  0   0  0  0  0  0     0
KSPSolve             111 1.0 8.9848e+01 1.0 3.13e+11 1.0 0.0e+00 0.0e+00 0.0e+00 23 91  0  0  0  33 91  0  0  0  3487
PCSetUp                1 1.0 1.6931e+02 1.0 3.44e+09 1.0 0.0e+00 0.0e+00 0.0e+00 44  1  0  0  0  63  1  0  0  0    20
PCApply              111 1.0 8.9848e+01 1.0 3.13e+11 1.0 0.0e+00 0.0e+00 0.0e+00 23 91  0  0  0  33 91  0  0  0  3487
BVCopy                13 1.0 5.8563e-04 1.0 0.00e+00 0.0 0.0e+00 0.0e+00 0.0e+00  0  0  0  0  0   0  0  0  0  0     0
BVMultVec            223 1.0 8.0055e-02 1.0 8.45e+08 1.0 0.0e+00 0.0e+00 0.0e+00  0  0  0  0  0   0  0  0  0  0 10550
BVMultInPlace         14 1.0 1.9124e-02 1.0 4.99e+08 1.0 0.0e+00 0.0e+00 0.0e+00  0  0  0  0  0   0  0  0  0  0 26118
BVDotVec             223 1.0 8.2280e-02 1.0 9.16e+08 1.0 0.0e+00 0.0e+00 0.0e+00  0  0  0  0  0   0  0  0  0  0 11127
BVOrthogonalizeV     113 1.0 1.6280e-01 1.0 1.76e+09 1.0 0.0e+00 0.0e+00 0.0e+00  0  1  0  0  0   0  1  0  0  0 10813
BVScale              112 1.0 4.7812e-03 1.0 1.78e+07 1.0 0.0e+00 0.0e+00 0.0e+00  0  0  0  0  0   0  0  0  0  0  3728
BVNormVec              1 1.0 1.5079e-04 1.0 3.18e+05 1.0 0.0e+00 0.0e+00 0.0e+00  0  0  0  0  0   0  0  0  0  0  2111
BVSetRandom            1 1.0 1.9874e-03 1.0 0.00e+00 0.0 0.0e+00 0.0e+00 0.0e+00  0  0  0  0  0   0  0  0  0  0     0
BVMatMultVec         111 1.0 1.0027e+02 1.0 3.38e+11 1.0 0.0e+00 0.0e+00 0.0e+00 26 98  0  0  0  37 98  0  0  0  3368
DSSolve               13 1.0 5.3076e-04 1.0 0.00e+00 0.0 0.0e+00 0.0e+00 0.0e+00  0  0  0  0  0   0  0  0  0  0     0
DSVectors             15 1.0 6.1666e-05 1.0 0.00e+00 0.0 0.0e+00 0.0e+00 0.0e+00  0  0  0  0  0   0  0  0  0  0     0
DSOther               39 1.0 1.3955e-04 1.0 0.00e+00 0.0 0.0e+00 0.0e+00 0.0e+00  0  0  0  0  0   0  0  0  0  0     0

--- Event Stage 4: post

BuildTwoSided          1 1.0 2.8258e-06 1.0 0.00e+00 0.0 0.0e+00 0.0e+00 0.0e+00  0  0  0  0  0   0  0  0  0  0     0
VecScatterBegin        1 1.0 6.9809e-05 1.0 0.00e+00 0.0 0.0e+00 0.0e+00 0.0e+00  0  0  0  0  0   1  0  0  0  0     0
VecScatterEnd          1 1.0 1.3542e-06 1.0 0.00e+00 0.0 0.0e+00 0.0e+00 0.0e+00  0  0  0  0  0   0  0  0  0  0     0
SFSetGraph             1 1.0 1.1319e-03 1.0 0.00e+00 0.0 0.0e+00 0.0e+00 0.0e+00  0  0  0  0  0   9  0  0  0  0     0
SFSetUp                1 1.0 1.2055e-03 1.0 0.00e+00 0.0 0.0e+00 0.0e+00 0.0e+00  0  0  0  0  0  10  0  0  0  0     0
SFPack                 1 1.0 9.7556e-08 1.0 0.00e+00 0.0 0.0e+00 0.0e+00 0.0e+00  0  0  0  0  0   0  0  0  0  0     0
SFUnpack               1 1.0 1.3269e-07 1.0 0.00e+00 0.0 0.0e+00 0.0e+00 0.0e+00  0  0  0  0  0   0  0  0  0  0     0
------------------------------------------------------------------------------------------------------------------------

Object Type          Creations   Destructions. Reports information only for process 0.

--- Event Stage 0: Main Stage

           Container     0              1
              Matrix     0             14
              Vector     0              6
          EPS Solver     0              1
  Spectral Transform     0              1
       Krylov Solver     0              1
      Preconditioner     0              1
       Basis Vectors     0              1
              Region     0              1
       Direct Solver     0              1
         PetscRandom     0              1
              Viewer     1              0

--- Event Stage 1: init

              Matrix     2              0
              Vector     1              0

--- Event Stage 2: build

              Matrix     2              0

--- Event Stage 3: solve

           Container     1              0
              Matrix    17              7
              Vector     7              1
          EPS Solver     1              0
  Spectral Transform     1              0
       Krylov Solver     1              0
      Preconditioner     1              0
       Basis Vectors     1              0
              Region     1              0
       Direct Solver     1              0
         PetscRandom     1              0

--- Event Stage 4: post

              Vector     2              2
           Index Set     1              1
   Star Forest Graph     1              1

--- Event Stage 5: PCMPI

========================================================================================================================
Average time to get PetscTime(): 1.25248e-08
#PETSc Option Table entries:
-log_view # (source: command line)
-progress # (source: command line)
#End of PETSc Option Table entries
Compiled without FORTRAN kernels
Compiled with full precision matrices (default)
sizeof(short) 2 sizeof(int) 4 sizeof(long) 8 sizeof(void*) 8 sizeof(PetscScalar) 8 sizeof(PetscInt) 4
Configure options: --download-eigen --download-hdf5 --download-hypre --download-metis --download-mumps --download-parmetis --download-scalapack --download-slepc --with-64-bit-indices=no --with-avx512-kernels=1 --with-debugging=no --with-precision=double --with-scalar-type=real --with-x=0 COPTFLAGS=-O3 CXXOPTFLAGS=-O3 FOPTFLAGS=-O3
-----------------------------------------
Libraries compiled on 2023-10-16 11:41:24 on LIN54Z7SQ3 
Machine characteristics: Linux-6.2.0-34-generic-x86_64-with-glibc2.35
Using PETSc directory: /home/jtheler/libs/petsc-3.20.0
Using PETSc arch: gcc-gfortran-intelmpi
-----------------------------------------

Using C compiler: mpicc  -fPIC -Wall -Wwrite-strings -Wno-unknown-pragmas -Wno-lto-type-mismatch -Wno-stringop-overflow -fstack-protector -fvisibility=hidden -O3  
Using Fortran compiler: mpif90  -fPIC -Wall -ffree-line-length-none -ffree-line-length-0 -Wno-lto-type-mismatch -Wno-unused-dummy-argument -O3    
-----------------------------------------

Using include paths: -I/home/jtheler/libs/petsc-3.20.0/include -I/home/jtheler/libs/petsc-3.20.0/gcc-gfortran-intelmpi/include -I/home/jtheler/libs/petsc-3.20.0/gcc-gfortran-intelmpi/include/eigen3
-----------------------------------------

Using C linker: mpicc
Using Fortran linker: mpif90
Using libraries: -Wl,-rpath,/home/jtheler/libs/petsc-3.20.0/gcc-gfortran-intelmpi/lib -L/home/jtheler/libs/petsc-3.20.0/gcc-gfortran-intelmpi/lib -lpetsc -Wl,-rpath,/home/jtheler/libs/petsc-3.20.0/gcc-gfortran-intelmpi/lib -L/home/jtheler/libs/petsc-3.20.0/gcc-gfortran-intelmpi/lib -lHYPRE -ldmumps -lmumps_common -lpord -lpthread -lscalapack -llapack -lblas -lparmetis -lmetis -lhdf5_hl -lhdf5 -lm -lgfortran -lstdc++ -lquadmath
-----------------------------------------

