size = 256964	time = 7.7 s	 memory = 0.7 Gb
[0/1 LIN54Z7SQ3] local memory = 0.7 Gb
****************************************************************************************************************************************************************
***                                WIDEN YOUR WINDOW TO 160 CHARACTERS.  Use 'enscript -r -fCourier9' to print this document                                 ***
****************************************************************************************************************************************************************

------------------------------------------------------------------ PETSc Performance Summary: ------------------------------------------------------------------

feenox on a gcc-gfortran-intelmpi named LIN54Z7SQ3 with 1 processor, by jtheler Wed Oct 25 01:54:33 2023
Using Petsc Release Version 3.20.0, Sep 28, 2023 

                         Max       Max/Min     Avg       Total
Time (sec):           6.357e+00     1.000   6.357e+00
Objects:              0.000e+00     0.000   0.000e+00
Flops:                3.247e+09     1.000   3.247e+09  3.247e+09
Flops/sec:            5.107e+08     1.000   5.107e+08  5.107e+08
MPI Msg Count:        0.000e+00     0.000   0.000e+00  0.000e+00
MPI Msg Len (bytes):  0.000e+00     0.000   0.000e+00  0.000e+00
MPI Reductions:       0.000e+00     0.000

Flop counting convention: 1 flop = 1 real number operation of type (multiply/divide/add/subtract)
                            e.g., VecAXPY() for real vectors of length N --> 2N flops
                            and VecAXPY() for complex vectors of length N --> 8N flops

Summary of Stages:   ----- Time ------  ----- Flop ------  --- Messages ---  -- Message Lengths --  -- Reductions --
                        Avg     %Total     Avg     %Total    Count   %Total     Avg         %Total    Count   %Total
 0:      Main Stage: 4.7281e-01   7.4%  0.0000e+00   0.0%  0.000e+00   0.0%  0.000e+00        0.0%  0.000e+00   0.0%
 1:            init: 1.9025e-02   0.3%  0.0000e+00   0.0%  0.000e+00   0.0%  0.000e+00        0.0%  0.000e+00   0.0%
 2:           build: 4.6174e+00  72.6%  0.0000e+00   0.0%  0.000e+00   0.0%  0.000e+00        0.0%  0.000e+00   0.0%
 3:           solve: 1.2291e+00  19.3%  3.2466e+09 100.0%  0.000e+00   0.0%  0.000e+00        0.0%  0.000e+00   0.0%
 4:            post: 1.8506e-02   0.3%  0.0000e+00   0.0%  0.000e+00   0.0%  0.000e+00        0.0%  0.000e+00   0.0%

------------------------------------------------------------------------------------------------------------------------
See the 'Profiling' chapter of the users' manual for details on interpreting output.
Phase summary info:
   Count: number of times phase was executed
   Time and Flop: Max - maximum over all processors
                  Ratio - ratio of maximum to minimum over all processors
   Mess: number of messages sent
   AvgLen: average message length (bytes)
   Reduct: number of global reductions
   Global: entire computation
   Stage: stages of a computation. Set stages with PetscLogStagePush() and PetscLogStagePop().
      %T - percent time in this phase         %F - percent flop in this phase
      %M - percent messages in this phase     %L - percent message lengths in this phase
      %R - percent reductions in this phase
   Total Mflop/s: 10e-6 * (sum of flop over all processors)/(max time over all processors)
------------------------------------------------------------------------------------------------------------------------
Event                Count      Time (sec)     Flop                              --- Global ---  --- Stage ----  Total
                   Max Ratio  Max     Ratio   Max  Ratio  Mess   AvgLen  Reduct  %T %F %M %L %R  %T %F %M %L %R Mflop/s
------------------------------------------------------------------------------------------------------------------------

--- Event Stage 0: Main Stage


--- Event Stage 1: init


--- Event Stage 2: build

MatConvert             1 1.0 5.5834e-02 1.0 0.00e+00 0.0 0.0e+00 0.0e+00 0.0e+00  1  0  0  0  0   1  0  0  0  0     0
MatAssemblyBegin       1 1.0 9.4247e-08 1.0 0.00e+00 0.0 0.0e+00 0.0e+00 0.0e+00  0  0  0  0  0   0  0  0  0  0     0
MatAssemblyEnd         1 1.0 8.4402e-01 1.0 0.00e+00 0.0 0.0e+00 0.0e+00 0.0e+00 13  0  0  0  0  18  0  0  0  0     0
MatSetValues      354395 1.0 3.0207e+00 1.0 0.00e+00 0.0 0.0e+00 0.0e+00 0.0e+00 48  0  0  0  0  65  0  0  0  0     0
MatZeroEntries         1 1.0 3.1746e-07 1.0 0.00e+00 0.0 0.0e+00 0.0e+00 0.0e+00  0  0  0  0  0   0  0  0  0  0     0
VecCopy                1 1.0 1.2163e-04 1.0 0.00e+00 0.0 0.0e+00 0.0e+00 0.0e+00  0  0  0  0  0   0  0  0  0  0     0
VecAssemblyBegin       2 1.0 2.5546e-07 1.0 0.00e+00 0.0 0.0e+00 0.0e+00 0.0e+00  0  0  0  0  0   0  0  0  0  0     0
VecAssemblyEnd         2 1.0 1.9387e-07 1.0 0.00e+00 0.0 0.0e+00 0.0e+00 0.0e+00  0  0  0  0  0   0  0  0  0  0     0
VecSetValues       97431 1.0 1.5279e-02 1.0 0.00e+00 0.0 0.0e+00 0.0e+00 0.0e+00  0  0  0  0  0   0  0  0  0  0     0

--- Event Stage 3: solve

MatMult               30 1.0 3.1144e-01 1.0 8.73e+08 1.0 0.0e+00 0.0e+00 0.0e+00  5 27  0  0  0  25 27  0  0  0  2802
MatSolve              31 1.0 3.5885e-01 1.0 9.02e+08 1.0 0.0e+00 0.0e+00 0.0e+00  6 28  0  0  0  29 28  0  0  0  2513
MatLUFactorNum         1 1.0 3.7874e-01 1.0 9.54e+08 1.0 0.0e+00 0.0e+00 0.0e+00  6 29  0  0  0  31 29  0  0  0  2520
MatILUFactorSym        1 1.0 5.3440e-02 1.0 0.00e+00 0.0 0.0e+00 0.0e+00 0.0e+00  1  0  0  0  0   4  0  0  0  0     0
MatGetRowIJ            1 1.0 2.9555e-07 1.0 0.00e+00 0.0 0.0e+00 0.0e+00 0.0e+00  0  0  0  0  0   0  0  0  0  0     0
MatGetOrdering         1 1.0 2.2267e-03 1.0 0.00e+00 0.0 0.0e+00 0.0e+00 0.0e+00  0  0  0  0  0   0  0  0  0  0     0
VecMDot               30 1.0 3.9733e-02 1.0 2.39e+08 1.0 0.0e+00 0.0e+00 0.0e+00  1  7  0  0  0   3  7  0  0  0  6015
VecNorm               31 1.0 1.5419e-03 1.0 1.59e+07 1.0 0.0e+00 0.0e+00 0.0e+00  0  0  0  0  0   0  0  0  0  0 10333
VecScale              31 1.0 2.7614e-03 1.0 7.97e+06 1.0 0.0e+00 0.0e+00 0.0e+00  0  0  0  0  0   0  0  0  0  0  2885
VecCopy                1 1.0 1.2630e-04 1.0 0.00e+00 0.0 0.0e+00 0.0e+00 0.0e+00  0  0  0  0  0   0  0  0  0  0     0
VecSet                 2 1.0 2.0554e-04 1.0 0.00e+00 0.0 0.0e+00 0.0e+00 0.0e+00  0  0  0  0  0   0  0  0  0  0     0
VecAXPY                1 1.0 1.3241e-04 1.0 5.14e+05 1.0 0.0e+00 0.0e+00 0.0e+00  0  0  0  0  0   0  0  0  0  0  3881
VecMAXPY              31 1.0 4.0446e-02 1.0 2.54e+08 1.0 0.0e+00 0.0e+00 0.0e+00  1  8  0  0  0   3  8  0  0  0  6290
VecNormalize          31 1.0 4.3315e-03 1.0 2.39e+07 1.0 0.0e+00 0.0e+00 0.0e+00  0  1  0  0  0   0  1  0  0  0  5517
KSPSetUp               1 1.0 2.3982e-03 1.0 0.00e+00 0.0 0.0e+00 0.0e+00 0.0e+00  0  0  0  0  0   0  0  0  0  0     0
KSPSolve               1 1.0 7.8087e-01 1.0 2.29e+09 1.0 0.0e+00 0.0e+00 0.0e+00 12 71  0  0  0  64 71  0  0  0  2936
KSPGMRESOrthog        30 1.0 7.7828e-02 1.0 4.78e+08 1.0 0.0e+00 0.0e+00 0.0e+00  1 15  0  0  0   6 15  0  0  0  6141
PCSetUp                1 1.0 4.3444e-01 1.0 9.54e+08 1.0 0.0e+00 0.0e+00 0.0e+00  7 29  0  0  0  35 29  0  0  0  2197
PCApply               31 1.0 3.5888e-01 1.0 9.02e+08 1.0 0.0e+00 0.0e+00 0.0e+00  6 28  0  0  0  29 28  0  0  0  2513

--- Event Stage 4: post

BuildTwoSided          1 1.0 2.7410e-06 1.0 0.00e+00 0.0 0.0e+00 0.0e+00 0.0e+00  0  0  0  0  0   0  0  0  0  0     0
VecScatterBegin        1 1.0 1.1519e-04 1.0 0.00e+00 0.0 0.0e+00 0.0e+00 0.0e+00  0  0  0  0  0   1  0  0  0  0     0
VecScatterEnd          1 1.0 1.3385e-06 1.0 0.00e+00 0.0 0.0e+00 0.0e+00 0.0e+00  0  0  0  0  0   0  0  0  0  0     0
SFSetGraph             1 1.0 2.5328e-03 1.0 0.00e+00 0.0 0.0e+00 0.0e+00 0.0e+00  0  0  0  0  0  14  0  0  0  0     0
SFSetUp                1 1.0 2.8484e-03 1.0 0.00e+00 0.0 0.0e+00 0.0e+00 0.0e+00  0  0  0  0  0  15  0  0  0  0     0
SFPack                 1 1.0 1.0334e-07 1.0 0.00e+00 0.0 0.0e+00 0.0e+00 0.0e+00  0  0  0  0  0   0  0  0  0  0     0
SFUnpack               1 1.0 1.3269e-07 1.0 0.00e+00 0.0 0.0e+00 0.0e+00 0.0e+00  0  0  0  0  0   0  0  0  0  0     0
------------------------------------------------------------------------------------------------------------------------

Object Type          Creations   Destructions. Reports information only for process 0.

--- Event Stage 0: Main Stage

              Matrix     0              1
              Viewer     1              0

--- Event Stage 1: init

              Matrix     1              0
              Vector     2              0

--- Event Stage 2: build

              Matrix     1              0
              Vector     2              1

--- Event Stage 3: solve

              Matrix     6              5
              Vector    34              0
       Krylov Solver     1              0
      Preconditioner     1              0
           Index Set     5              2
    Distributed Mesh     1              0
   Star Forest Graph     2              0
     Discrete System     1              0
           Weak Form     1              0

--- Event Stage 4: post

              Vector     2              2
           Index Set     1              1
   Star Forest Graph     1              1

--- Event Stage 5: PCMPI

========================================================================================================================
Average time to get PetscTime(): 1.71545e-08
#PETSc Option Table entries:
-log_view # (source: command line)
#End of PETSc Option Table entries
Compiled without FORTRAN kernels
Compiled with full precision matrices (default)
sizeof(short) 2 sizeof(int) 4 sizeof(long) 8 sizeof(void*) 8 sizeof(PetscScalar) 8 sizeof(PetscInt) 4
Configure options: --download-eigen --download-hdf5 --download-hypre --download-metis --download-mumps --download-parmetis --download-scalapack --download-slepc --with-64-bit-indices=no --with-avx512-kernels=1 --with-debugging=no --with-precision=double --with-scalar-type=real --with-x=0 COPTFLAGS=-O3 CXXOPTFLAGS=-O3 FOPTFLAGS=-O3
-----------------------------------------
Libraries compiled on 2023-10-16 11:41:24 on LIN54Z7SQ3 
Machine characteristics: Linux-6.2.0-34-generic-x86_64-with-glibc2.35
Using PETSc directory: /home/jtheler/libs/petsc-3.20.0
Using PETSc arch: gcc-gfortran-intelmpi
-----------------------------------------

Using C compiler: mpicc  -fPIC -Wall -Wwrite-strings -Wno-unknown-pragmas -Wno-lto-type-mismatch -Wno-stringop-overflow -fstack-protector -fvisibility=hidden -O3  
Using Fortran compiler: mpif90  -fPIC -Wall -ffree-line-length-none -ffree-line-length-0 -Wno-lto-type-mismatch -Wno-unused-dummy-argument -O3    
-----------------------------------------

Using include paths: -I/home/jtheler/libs/petsc-3.20.0/include -I/home/jtheler/libs/petsc-3.20.0/gcc-gfortran-intelmpi/include -I/home/jtheler/libs/petsc-3.20.0/gcc-gfortran-intelmpi/include/eigen3
-----------------------------------------

Using C linker: mpicc
Using Fortran linker: mpif90
Using libraries: -Wl,-rpath,/home/jtheler/libs/petsc-3.20.0/gcc-gfortran-intelmpi/lib -L/home/jtheler/libs/petsc-3.20.0/gcc-gfortran-intelmpi/lib -lpetsc -Wl,-rpath,/home/jtheler/libs/petsc-3.20.0/gcc-gfortran-intelmpi/lib -L/home/jtheler/libs/petsc-3.20.0/gcc-gfortran-intelmpi/lib -lHYPRE -ldmumps -lmumps_common -lpord -lpthread -lscalapack -llapack -lblas -lparmetis -lmetis -lhdf5_hl -lhdf5 -lm -lgfortran -lstdc++ -lquadmath
-----------------------------------------

